<?xml version="1.0" encoding="utf-8"?><testsuites name="pytest tests"><testsuite name="pytest" errors="0" failures="0" skipped="0" tests="10" time="2.290" timestamp="2026-09-09T04:38:12.651555+00:00" hostname="agent-env-57cd155a-ca80-4e7a-ab35-648b2288fc3c"><testcase classname="tests.test_demo_leads" name="test_public_contact_creates_lead_with_status_new" time="0.147" /><testcase classname="tests.test_demo_leads" name="test_admin_list_leads" time="0.505" /><testcase classname="tests.test_demo_leads" name="test_admin_list_leads_status_filter" time="0.132" /><testcase classname="tests.test_demo_leads" name="test_patch_lead_status_contacted" time="0.263" /><testcase classname="tests.test_demo_leads" name="test_patch_lead_status_closed" time="0.111" /><testcase classname="tests.test_demo_leads" name="test_patch_invalid_status_rejected" time="0.152" /><testcase classname="tests.test_demo_leads" name="test_patch_unknown_lead_404" time="0.120" /><testcase classname="tests.test_demo_leads" name="test_nonadmin_forbidden_list" time="0.522" /><testcase classname="tests.test_demo_leads" name="test_nonadmin_forbidden_patch" time="0.111" /><testcase classname="tests.test_demo_leads" name="test_unauthenticated_forbidden" time="0.193" /></testsuite></testsuites>