<?xml version="1.0" encoding="utf-8"?><testsuites name="pytest tests"><testsuite name="pytest" errors="0" failures="0" skipped="0" tests="14" time="6.081" timestamp="2026-09-09T04:01:17.703860+00:00" hostname="agent-env-57cd155a-ca80-4e7a-ab35-648b2288fc3c"><testcase classname="tests.test_demo_scope" name="test_workspace_in_demo_mode" time="0.541" /><testcase classname="tests.test_demo_scope" name="test_admin_sees_full_portfolio" time="0.327" /><testcase classname="tests.test_demo_scope" name="test_admin_fleet_admin_assets_full" time="0.170" /><testcase classname="tests.test_demo_scope" name="test_nonadmin_categories_capped" time="0.482" /><testcase classname="tests.test_demo_scope" name="test_nonadmin_sites_capped_and_deterministic" time="0.246" /><testcase classname="tests.test_demo_scope" name="test_nonadmin_total_sites_around_40" time="0.125" /><testcase classname="tests.test_demo_scope" name="test_nonadmin_site_detail_asset_breakdown_capped" time="0.292" /><testcase classname="tests.test_demo_scope" name="test_nonadmin_fleet_admin_assets_scoped" time="0.263" /><testcase classname="tests.test_demo_scope" name="test_nonadmin_states_sum_40" time="0.125" /><testcase classname="tests.test_demo_scope" name="test_nonadmin_alarms_and_workorders_scoped" time="0.501" /><testcase classname="tests.test_demo_scope" name="test_featured_toggle_moves_site_into_demo_scope" time="0.672" /><testcase classname="tests.test_demo_scope" name="test_toggle_featured_non_admin_forbidden" time="0.241" /><testcase classname="tests.test_demo_scope" name="test_client_portfolio_intersects_demo" time="0.488" /><testcase classname="tests.test_demo_scope" name="test_workspace_mode_switch_restores_full_data" time="0.585" /></testsuite></testsuites>