<?xml version="1.0" encoding="utf-8"?><testsuites name="pytest tests"><testsuite name="pytest" errors="0" failures="0" skipped="0" tests="11" time="3.631" timestamp="2026-09-09T05:52:06.349552+00:00" hostname="agent-env-57cd155a-ca80-4e7a-ab35-648b2288fc3c"><testcase classname="tests.test_iteration24" name="test_tech_kpis_masked" time="1.394" /><testcase classname="tests.test_iteration24" name="test_admin_kpis_not_masked" time="0.145" /><testcase classname="tests.test_iteration24" name="test_tech_sites_revenue_masked" time="0.142" /><testcase classname="tests.test_iteration24" name="test_admin_sites_revenue_present" time="0.138" /><testcase classname="tests.test_iteration24" name="test_tech_work_orders_parts_cost_masked" time="0.118" /><testcase classname="tests.test_iteration24" name="test_admin_work_orders_parts_cost_present" time="0.167" /><testcase classname="tests.test_iteration24" name="test_tech_site_detail_masked" time="0.241" /><testcase classname="tests.test_iteration24" name="test_weather_alerts_endpoint_admin" time="0.394" /><testcase classname="tests.test_iteration24" name="test_sites_show_weather_risk_annotation" time="0.410" /><testcase classname="tests.test_iteration24" name="test_sites_weather_risk_filter_storm" time="0.152" /><testcase classname="tests.test_iteration24" name="test_sites_no_weather_params_skips_weather" time="0.291" /></testsuite></testsuites>