<?xml version="1.0" encoding="utf-8"?><testsuites name="pytest tests"><testsuite name="pytest" errors="0" failures="0" skipped="0" tests="6" time="1.921" timestamp="2026-08-27T20:01:10.128313+00:00" hostname="agent-env-c1efb1bb-ca7d-44e4-b2b1-0c46a4bfc3bf"><testcase classname="tests.test_iteration18.TestAdminAuthRegression" name="test_admin_login" time="0.884" /><testcase classname="tests.test_iteration18.TestDownloadArtifacts" name="test_workflows_pdf" time="0.363" /><testcase classname="tests.test_iteration18.TestDownloadArtifacts" name="test_test_cases_xlsx" time="0.089" /><testcase classname="tests.test_iteration18.TestDownloadArtifacts" name="test_xlsx_content_structure" time="0.336" /><testcase classname="tests.test_iteration18.TestDownloadArtifacts" name="test_credentials_csv_regression" time="0.104" /><testcase classname="tests.test_iteration18.TestDownloadArtifacts" name="test_source_zip_still_available" time="0.158" /></testsuite></testsuites>