<?xml version="1.0" encoding="utf-8"?><testsuites name="pytest tests"><testsuite name="pytest" errors="0" failures="0" skipped="0" tests="18" time="6.551" timestamp="2026-08-27T20:31:39.858447+00:00" hostname="agent-env-c1efb1bb-ca7d-44e4-b2b1-0c46a4bfc3bf"><testcase classname="tests.test_iteration19" name="test_download_requires_auth[/download/team-credentials]" time="0.309" /><testcase classname="tests.test_iteration19" name="test_download_requires_auth[/download/workflows-pdf]" time="0.169" /><testcase classname="tests.test_iteration19" name="test_download_requires_auth[/download/test-cases-xlsx]" time="0.159" /><testcase classname="tests.test_iteration19" name="test_download_requires_auth[/download/source]" time="0.145" /><testcase classname="tests.test_iteration19" name="test_download_forbidden_for_executive[/download/team-credentials]" time="0.521" /><testcase classname="tests.test_iteration19" name="test_download_forbidden_for_executive[/download/workflows-pdf]" time="0.133" /><testcase classname="tests.test_iteration19" name="test_download_forbidden_for_executive[/download/test-cases-xlsx]" time="0.159" /><testcase classname="tests.test_iteration19" name="test_download_forbidden_for_executive[/download/source]" time="0.164" /><testcase classname="tests.test_iteration19" name="test_download_admin_ok[/download/team-credentials-text/csv-None]" time="0.502" /><testcase classname="tests.test_iteration19" name="test_download_admin_ok[/download/workflows-pdf-application/pdf-%PDF]" time="0.147" /><testcase classname="tests.test_iteration19" name="test_download_admin_ok[/download/test-cases-xlsx-application/vnd.openxmlformats-officedocument.spreadsheetml.sheet-PK]" time="0.166" /><testcase classname="tests.test_iteration19" name="test_download_admin_ok[/download/source-application/zip-PK]" time="0.504" /><testcase classname="tests.test_iteration19" name="test_artifacts_exist_on_disk" time="0.000" /><testcase classname="tests.test_iteration19" name="test_qa_test_cases_requires_auth" time="0.193" /><testcase classname="tests.test_iteration19" name="test_qa_endpoints_forbidden_for_executive" time="0.633" /><testcase classname="tests.test_iteration19" name="test_qa_test_cases_shape" time="0.161" /><testcase classname="tests.test_iteration19" name="test_qa_result_invalid_status" time="0.169" /><testcase classname="tests.test_iteration19" name="test_qa_result_records_and_summary_updates" time="1.469" /></testsuite></testsuites>