<?xml version="1.0" encoding="utf-8"?><testsuites name="pytest tests"><testsuite name="pytest" errors="0" failures="0" skipped="0" tests="16" time="9.671" timestamp="2026-08-26T03:41:38.979291+00:00" hostname="agent-env-c1efb1bb-ca7d-44e4-b2b1-0c46a4bfc3bf"><testcase classname="tests.test_iteration9.TestSnapshots" name="test_snapshots_requires_auth" time="0.346" /><testcase classname="tests.test_iteration9.TestActions" name="test_actions_requires_auth" time="0.391" /><testcase classname="tests.test_iteration9.TestSnapshots" name="test_list_snapshots_no_metrics_and_sorted" time="0.793" /><testcase classname="tests.test_iteration9.TestActions" name="test_actions_validation[payload0]" time="0.686" /><testcase classname="tests.test_iteration9.TestActions" name="test_actions_validation[payload1]" time="0.098" /><testcase classname="tests.test_iteration9.TestSnapshots" name="test_revoke_own_snapshot_and_public_404" time="0.606" /><testcase classname="tests.test_iteration9.TestActions" name="test_actions_validation[payload2]" time="0.159" /><testcase classname="tests.test_iteration9.TestActions" name="test_actions_validation[payload3]" time="0.124" /><testcase classname="tests.test_iteration9.TestActions" name="test_create_and_list_action" time="0.257" /><testcase classname="tests.test_iteration9.TestActions" name="test_actions_scoped_per_user" time="0.692" /><testcase classname="tests.test_iteration9.TestSnapshots" name="test_revoke_other_users_snapshot_404" time="1.313" /><testcase classname="tests.test_iteration9.TestLoginRateLimit" name="test_lockout_after_five_failures" time="2.574" /><testcase classname="tests.test_iteration9.TestSnapshots" name="test_revoke_unknown_token_404" time="0.327" /><testcase classname="tests.test_iteration9.TestWeeklyDigest" name="test_digest_requires_auth" time="0.330" /><testcase classname="tests.test_iteration9.TestWeeklyDigest" name="test_digest_generation" time="4.270" /><testcase classname="tests.test_iteration9.TestLoginRateLimit" name="test_success_clears_counter" time="3.639" /></testsuite></testsuites>