<?xml version="1.0" encoding="utf-8"?><testsuites name="pytest tests"><testsuite name="pytest" errors="0" failures="3" skipped="0" tests="128" time="120.560" timestamp="2026-08-26T04:16:52.531158+00:00" hostname="agent-env-c1efb1bb-ca7d-44e4-b2b1-0c46a4bfc3bf"><testcase classname="tests.test_iteration3.TestTeamRBAC" name="test_requires_auth" time="0.171" /><testcase classname="tests.test_iteration10.TestFleetAuthRequired" name="test_requires_bearer[/fleet/categories]" time="0.130" /><testcase classname="tests.test_iteration10.TestFleetAuthRequired" name="test_requires_bearer[/fleet/kpis]" time="0.098" /><testcase classname="tests.test_iteration10.TestFleetAuthRequired" name="test_requires_bearer[/fleet/sites]" time="0.278" /><testcase classname="tests.test_iteration3.TestTeamRBAC" name="test_non_admin_forbidden" time="0.629" /><testcase classname="tests.test_iteration10.TestFleetAuthRequired" name="test_requires_bearer[/fleet/sites/S00001]" time="0.139" /><testcase classname="tests.test_iteration10.TestFleetAuthRequired" name="test_requires_bearer[/fleet/telemetry?site_id=S00001]" time="0.095" /><testcase classname="tests.test_iteration10.TestFleetAuthRequired" name="test_requires_bearer[/fleet/alarms]" time="0.113" /><testcase classname="tests.test_iteration10.TestFleetAuthRequired" name="test_requires_bearer[/fleet/work-orders]" time="0.261" /><testcase classname="tests.test_iteration10.TestFleetAuthRequired" name="test_requires_bearer[/fleet/states]" time="0.091" /><testcase classname="tests.test_iteration3.TestTeamRBAC" name="test_invalid_role_422" time="0.420" /><testcase classname="tests.test_iteration10.TestFleetAuthRequired" name="test_requires_bearer[/fleet/performance/trend?site_id=S00001]" time="0.098" /><testcase classname="tests.test_iteration3.TestTeamRBAC" name="test_invalid_email_422" time="0.096" /><testcase classname="tests.test_iteration10.TestFleetAuthRequired" name="test_bad_token_rejected" time="0.104" /><testcase classname="tests.test_iteration3.TestTeamRBAC" name="test_invite_each_role_and_login[owner]" time="1.357" /><testcase classname="tests.test_iteration10.TestLegacyRegression" name="test_portfolio_metrics" time="0.819" /><testcase classname="tests.test_iteration10.TestLegacyRegression" name="test_auth_me" time="0.092" /><testcase classname="tests.test_iteration10.TestLegacyRegression" name="test_legacy_lists[/portfolios]" time="0.107" /><testcase classname="tests.test_iteration10.TestLegacyRegression" name="test_legacy_lists[/alerts]" time="0.089" /><testcase classname="tests.test_iteration10.TestLegacyRegression" name="test_legacy_lists[/snapshots]" time="0.092" /><testcase classname="tests.test_iteration10.TestLegacyRegression" name="test_legacy_lists[/actions]" time="0.149" /><testcase classname="tests.test_iteration3.TestTeamRBAC" name="test_invite_each_role_and_login[technician]" time="1.431" /><testcase classname="tests.test_iteration10.TestLegacyRegression" name="test_legacy_lists[/team/users]" time="0.253" /><testcase classname="tests.test_iteration10.TestLegacyRegression" name="test_legacy_lists[/reports/schedule]" time="0.100" /><testcase classname="tests.test_iteration10.TestLegacyRegression" name="test_legacy_lists[/reports/branding]" time="0.315" /><testcase classname="tests.test_iteration3.TestReportScheduler" name="test_requires_auth" time="0.234" /><testcase classname="tests.test_iteration3.TestReportScheduler" name="test_default_schedule" time="0.434" /><testcase classname="tests.test_iteration3.TestReportScheduler" name="test_bad_frequency_422" time="0.106" /><testcase classname="tests.test_iteration3.TestTeamRBAC" name="test_invite_each_role_and_login[compliance]" time="1.334" /><testcase classname="tests.test_iteration3.TestReportScheduler" name="test_bad_recipient_422" time="0.242" /><testcase classname="tests.test_iteration3.TestReportScheduler" name="test_upsert_and_persist" time="0.678" /><testcase classname="tests.test_iteration3.TestReportScheduler" name="test_preview_reflects_saved_config" time="0.273" /><testcase classname="tests.test_iteration3.TestReportScheduler" name="test_schedule_isolated_per_user" time="0.356" /><testcase classname="tests.test_iteration3.TestTeamRBAC" name="test_invite_each_role_and_login[admin]" time="1.218" /><testcase classname="tests.test_iteration9.TestActions" name="test_actions_requires_auth" time="0.220" /><testcase classname="tests.test_iteration9.TestActions" name="test_actions_validation[payload0]" time="0.236" /><testcase classname="tests.test_iteration9.TestActions" name="test_actions_validation[payload1]" time="0.097" /><testcase classname="tests.test_iteration9.TestActions" name="test_actions_validation[payload2]" time="0.103" /><testcase classname="tests.test_iteration9.TestActions" name="test_actions_validation[payload3]" time="0.145" /><testcase classname="tests.test_iteration9.TestActions" name="test_create_and_list_action" time="30.243" /><testcase classname="tests.test_iteration3.TestTeamRBAC" name="test_admin_cannot_remove_self" time="60.365" /><testcase classname="tests.test_iteration9.TestActions" name="test_actions_scoped_per_user" time="12.521" /><testcase classname="tests.backend_test.TestPasswordReset" name="test_forgot_unknown_email_no_enumeration" time="0.100" /><testcase classname="tests.backend_test.TestPasswordReset" name="test_forgot_invalid_email_format" time="0.049" /><testcase classname="tests.backend_test.TestPasswordReset" name="test_full_reset_flow" time="1.189" /><testcase classname="tests.backend_test.TestPasswordReset" name="test_reset_bad_token" time="0.044" /><testcase classname="tests.backend_test.TestPasswordReset" name="test_reset_short_password_validation" time="0.048" /><testcase classname="tests.backend_test.TestPasswordReset" name="test_expired_token_rejected" time="0.199" /><testcase classname="tests.test_iteration3.TestAiSessions" name="test_sessions_require_auth" time="0.100" /><testcase classname="tests.test_iteration3.TestAiSessions" name="test_session_created_and_continued" time="10.045" /><testcase classname="tests.test_iteration3.TestAiSessions" name="test_other_user_gets_404" time="3.725" /><testcase classname="tests.test_iteration3.TestAiSessions" name="test_delete_session_removes_messages" time="3.771" /><testcase classname="tests.test_iteration3.TestTeamRBAC" name="test_delete_unknown_user_404" time="0.109" /><testcase classname="tests.test_iteration10.TestSites" name="test_list_sites_limit_and_fields" time="0.118" /><testcase classname="tests.test_iteration10.TestSites" name="test_pagination_and_category_filter" time="0.314" /><testcase classname="tests.test_iteration10.TestSites" name="test_search_filter" time="0.097" /><testcase classname="tests.test_iteration10.TestSites" name="test_state_filter" time="0.208" /><testcase classname="tests.test_iteration10.TestSites" name="test_site_detail" time="0.105" /><testcase classname="tests.test_iteration10.TestSites" name="test_site_detail_404" time="0.105" /><testcase classname="tests.test_iteration7.TestHealthAndAuth" name="test_root" time="0.093" /><testcase classname="tests.test_iteration7.TestHealthAndAuth" name="test_login_and_me" time="0.473" /><testcase classname="tests.test_iteration3.TestAiSessions" name="test_unknown_session_404" time="0.101" /><testcase classname="tests.test_iteration7.TestHealthAndAuth" name="test_login_bad_password" time="0.101" /><testcase classname="tests.test_iteration3.TestAiSessions" name="test_auto_flag_persisted" time="5.204" /><testcase classname="tests.test_iteration7.TestHealthAndAuth" name="test_me_without_token" time="0.105" /><testcase classname="tests.test_iteration7.TestHealthAndAuth" name="test_me_with_garbage_token" time="0.184" /><testcase classname="tests.test_iteration7.TestHealthAndAuth" name="test_repeated_bad_logins_lock_out" time="2.141" /><testcase classname="tests.backend_test.TestAuthRegression" name="test_root" time="0.110" /><testcase classname="tests.backend_test.TestAuthRegression" name="test_me_requires_auth" time="0.109" /><testcase classname="tests.backend_test.TestAuthRegression" name="test_login_and_me" time="0.398" /><testcase classname="tests.backend_test.TestAuthRegression" name="test_login_bad_password" time="0.052" /><testcase classname="tests.backend_test.TestAuthRegression" name="test_bcrypt_hash_format" time="0.004" /><testcase classname="tests.test_iteration10.TestAlarms" name="test_alarms_default" time="0.155" /><testcase classname="tests.test_iteration10.TestAlarms" name="test_alarms_severity_filter" time="0.133" /><testcase classname="tests.test_iteration10.TestAlarms" name="test_alarms_invalid_severity_422" time="0.097" /><testcase classname="tests.test_iteration10.TestAlarms" name="test_alarms_critical_severity_supported" time="0.095"><failure message="AssertionError: severity=Critical rejected although dataset has Critical alarms&#10;assert 422 == 200&#10; +  where 422 = &lt;Response [422]&gt;.status_code">E   AssertionError: severity=Critical rejected although dataset has Critical alarms
    assert 422 == 200
     +  where 422 = &lt;Response [422]&gt;.status_code</failure></testcase><testcase classname="tests.test_iteration10.TestAlarms" name="test_alarms_site_filter" time="0.103" /><testcase classname="tests.test_iteration9.TestSnapshots" name="test_snapshots_requires_auth" time="0.204" /><testcase classname="tests.test_iteration9.TestSnapshots" name="test_list_snapshots_no_metrics_and_sorted" time="0.331" /><testcase classname="tests.test_iteration9.TestSnapshots" name="test_revoke_own_snapshot_and_public_404" time="0.527" /><testcase classname="tests.test_iteration9.TestSnapshots" name="test_revoke_other_users_snapshot_404" time="0.470" /><testcase classname="tests.test_iteration7.TestPortfolios" name="test_list_autoseeds_default" time="0.142" /><testcase classname="tests.test_iteration9.TestSnapshots" name="test_revoke_unknown_token_404" time="0.111" /><testcase classname="tests.test_iteration7.TestPortfolios" name="test_create_get_delete" time="0.577" /><testcase classname="tests.backend_test.TestAiInsight" name="test_requires_auth" time="0.112" /><testcase classname="tests.backend_test.TestAiInsight" name="test_validation_empty_question" time="0.140" /><testcase classname="tests.backend_test.TestAiInsight" name="test_stream_general" time="4.264" /><testcase classname="tests.test_iteration7.TestPortfolios" name="test_delete_missing_404" time="0.137" /><testcase classname="tests.test_iteration7.TestPortfolios" name="test_metrics_unknown_portfolio_404" time="0.142" /><testcase classname="tests.test_iteration7.TestPortfolios" name="test_portfolio_isolation" time="0.434" /><testcase classname="tests.test_iteration7.TestPortfolios" name="test_create_validation" time="0.097" /><testcase classname="tests.test_iteration7.TestAlerts" name="test_push_list_filter_ack" time="0.605" /><testcase classname="tests.test_iteration7.TestAlerts" name="test_ack_missing_404" time="0.093" /><testcase classname="tests.test_iteration7.TestAlerts" name="test_invalid_severity_422" time="0.121" /><testcase classname="tests.test_iteration7.TestAlerts" name="test_alerts_require_auth" time="0.118" /><testcase classname="tests.backend_test.TestMetrics" name="test_metrics_requires_auth" time="0.094" /><testcase classname="tests.backend_test.TestMetrics" name="test_metrics_shape" time="0.361" /><testcase classname="tests.backend_test.TestMetrics" name="test_metrics_jitter_changes" time="1.595" /><testcase classname="tests.test_iteration10.TestKpis" name="test_fleet_kpis_all" time="0.114" /><testcase classname="tests.test_iteration10.TestKpis" name="test_fleet_kpis_filtered" time="0.138" /><testcase classname="tests.backend_test.TestAiInsight" name="test_stream_with_finding_context" time="3.992" /><testcase classname="tests.test_iteration10.TestKpis" name="test_unknown_category_returns_zeros_not_full_fleet" time="0.099"><failure message="AssertionError: asset_count leaked full fleet for unknown category&#10;assert 5473 == 0">E   AssertionError: asset_count leaked full fleet for unknown category
    assert 5473 == 0</failure></testcase><testcase classname="tests.test_iteration10.TestWorkOrders" name="test_work_orders" time="0.113" /><testcase classname="tests.test_iteration10.TestWorkOrders" name="test_work_orders_status_filter" time="0.123" /><testcase classname="tests.test_iteration10.TestWorkOrders" name="test_work_orders_status_breakdown_ignores_filter" time="0.212"><failure message="AssertionError: status_breakdown ignores the status/site filter (aggregation has no $match)&#10;assert [{'status': 'Resolved', 'count': 39}, {'status': 'Created', 'count': 35}, {'status': 'Assigned', 'count': 34}, {'status': 'Dispatched', 'count': 33}] != [{'status': 'Resolved', 'count': 39}, {'status': 'Created', 'count': 35}, {'status': 'Assigned', 'count': 34}, {'status': 'Dispatched', 'count': 33}]">E   AssertionError: status_breakdown ignores the status/site filter (aggregation has no $match)
    assert [{'status': 'Resolved', 'count': 39}, {'status': 'Created', 'count': 35}, {'status': 'Assigned', 'count': 34}, {'status': 'Dispatched', 'count': 33}] != [{'status': 'Resolved', 'count': 39}, {'status': 'Created', 'count': 35}, {'status': 'Assigned', 'count': 34}, {'status': 'Dispatched', 'count': 33}]</failure></testcase><testcase classname="tests.test_iteration10.TestStatesAndTrend" name="test_states_sorted_desc" time="0.103" /><testcase classname="tests.test_iteration10.TestStatesAndTrend" name="test_states_category_filter" time="0.138" /><testcase classname="tests.test_iteration10.TestStatesAndTrend" name="test_performance_trend" time="0.153" /><testcase classname="tests.test_iteration7.TestSnapshots" name="test_create_and_public_read" time="3.355" /><testcase classname="tests.test_iteration10.TestTelemetry" name="test_telemetry_rows" time="0.128" /><testcase classname="tests.test_iteration10.TestTelemetry" name="test_telemetry_window_slides" time="35.220" /><testcase classname="tests.test_iteration7.TestSnapshots" name="test_unknown_token_404" time="0.100" /><testcase classname="tests.test_iteration7.TestSnapshots" name="test_snapshot_requires_auth" time="0.118" /><testcase classname="tests.backend_test.TestContact" name="test_contact_ok" time="0.052" /><testcase classname="tests.backend_test.TestContact" name="test_contact_validation" time="0.043" /><testcase classname="tests.test_iteration10.TestHealthAndSeed" name="test_healthz_reports_seeded_sites" time="0.139" /><testcase classname="tests.test_iteration10.TestHealthAndSeed" name="test_root" time="0.099" /><testcase classname="tests.test_iteration7.TestBranding" name="test_get_default_and_save_roundtrip" time="0.424" /><testcase classname="tests.test_iteration7.TestBranding" name="test_oversized_logo_rejected" time="0.177" /><testcase classname="tests.test_iteration9.TestLoginRateLimit" name="test_lockout_after_five_failures" time="2.423" /><testcase classname="tests.test_iteration9.TestLoginRateLimit" name="test_success_clears_counter" time="3.333" /><testcase classname="tests.test_iteration9.TestWeeklyDigest" name="test_digest_requires_auth" time="0.090" /><testcase classname="tests.test_iteration9.TestWeeklyDigest" name="test_digest_generation" time="4.937" /><testcase classname="tests.test_iteration10.TestCategories" name="test_eight_categories_with_real_counts" time="20.912" /><testcase classname="tests.test_iteration7.TestChangePassword" name="test_change_and_revert" time="2.986" /><testcase classname="tests.test_iteration10.TestTelemetry" name="test_telemetry_unknown_site" time="0.513" /><testcase classname="tests.test_iteration10.TestTelemetry" name="test_telemetry_hours_validation" time="0.374" /><testcase classname="tests.test_iteration7.TestMetricsPolling" name="test_values_change_between_polls" time="0.710" /></testsuite></testsuites>