<?xml version="1.0" encoding="utf-8"?><testsuites name="pytest tests"><testsuite name="pytest" errors="0" failures="0" skipped="0" tests="43" time="10.039" timestamp="2026-08-26T04:59:01.141135+00:00" hostname="agent-env-c1efb1bb-ca7d-44e4-b2b1-0c46a4bfc3bf"><testcase classname="tests.test_iteration12.TestRegisterRole" name="test_register_with_role[executive]" time="1.002" /><testcase classname="tests.test_iteration12.TestRegisterRole" name="test_register_with_role[asset_manager]" time="0.863" /><testcase classname="tests.test_iteration12.TestRegisterRole" name="test_register_with_role[om_manager]" time="0.629" /><testcase classname="tests.test_iteration12.TestEndpointGuards" name="test_post_alerts_allowed[technician]" time="2.401" /><testcase classname="tests.test_iteration12.TestEndpointGuards" name="test_post_alerts_allowed[asset_manager]" time="0.095" /><testcase classname="tests.test_iteration12.TestRegisterRole" name="test_register_with_role[technician]" time="0.506" /><testcase classname="tests.test_iteration12.TestEndpointGuards" name="test_post_alerts_allowed[om_manager]" time="0.138" /><testcase classname="tests.test_iteration12.TestEndpointGuards" name="test_post_alerts_allowed[admin]" time="0.244" /><testcase classname="tests.test_iteration12.TestEndpointGuards" name="test_post_alerts_executive_403" time="0.097" /><testcase classname="tests.test_iteration12.TestEndpointGuards" name="test_post_alerts_no_auth_401" time="0.103" /><testcase classname="tests.test_iteration12.TestRegisterRole" name="test_register_default_role_executive" time="0.389" /><testcase classname="tests.test_iteration12.TestEndpointGuards" name="test_post_actions_allowed[technician]" time="0.270" /><testcase classname="tests.test_iteration12.TestEndpointGuards" name="test_post_actions_allowed[asset_manager]" time="0.102" /><testcase classname="tests.test_iteration12.TestRegisterRole" name="test_register_invalid_role_422[invalid]" time="0.093" /><testcase classname="tests.test_iteration12.TestEndpointGuards" name="test_post_actions_allowed[om_manager]" time="0.093" /><testcase classname="tests.test_iteration12.TestRegisterRole" name="test_register_invalid_role_422[admin]" time="0.094" /><testcase classname="tests.test_iteration12.TestEndpointGuards" name="test_post_actions_allowed[admin]" time="0.115" /><testcase classname="tests.test_iteration12.TestRegisterRole" name="test_register_invalid_role_422[user]" time="0.092" /><testcase classname="tests.test_iteration12.TestEndpointGuards" name="test_post_actions_executive_403" time="0.091" /><testcase classname="tests.test_iteration12.TestRegisterRole" name="test_register_invalid_role_422[]" time="0.138" /><testcase classname="tests.test_iteration12.TestEndpointGuards" name="test_acknowledge_guard" time="0.493" /><testcase classname="tests.test_iteration12.TestEndpointGuards" name="test_team_users_admin_only[executive]" time="0.448" /><testcase classname="tests.test_iteration12.TestEndpointGuards" name="test_team_users_admin_only[asset_manager]" time="0.164" /><testcase classname="tests.test_iteration12.TestEndpointGuards" name="test_team_users_admin_only[om_manager]" time="0.331" /><testcase classname="tests.test_iteration12.TestEndpointGuards" name="test_team_users_admin_only[technician]" time="0.329" /><testcase classname="tests.test_iteration12.TestEndpointGuards" name="test_team_users_admin_ok" time="0.092" /><testcase classname="tests.test_iteration12.TestDemoAccounts" name="test_login_role_in_payload[executive]" time="1.862" /><testcase classname="tests.test_iteration12.TestEndpointGuards" name="test_fleet_open_to_all_roles[executive]" time="0.110" /><testcase classname="tests.test_iteration12.TestDemoAccounts" name="test_login_role_in_payload[asset_manager]" time="0.129" /><testcase classname="tests.test_iteration12.TestEndpointGuards" name="test_fleet_open_to_all_roles[technician]" time="0.110" /><testcase classname="tests.test_iteration12.TestDemoAccounts" name="test_login_role_in_payload[om_manager]" time="0.099" /><testcase classname="tests.test_iteration12.TestDemoAccounts" name="test_login_role_in_payload[technician]" time="0.266" /><testcase classname="tests.test_iteration12.TestDemoAccounts" name="test_login_role_in_payload[admin]" time="0.101" /><testcase classname="tests.test_iteration12.TestRoleChange" name="test_admin_changes_role_and_persists" time="0.771" /><testcase classname="tests.test_iteration12.TestDemoAccounts" name="test_legacy_user_role_migrated" time="0.004" /><testcase classname="tests.test_iteration12.TestAuthPlaybook" name="test_bcrypt_hash_format" time="0.004" /><testcase classname="tests.test_iteration12.TestAuthPlaybook" name="test_bad_password_401" time="0.329" /><testcase classname="tests.test_iteration12.TestAuthPlaybook" name="test_brute_force_lockout" time="2.151" /><testcase classname="tests.test_iteration12.TestRoleChange" name="test_non_admin_403" time="0.955" /><testcase classname="tests.test_iteration12.TestRoleChange" name="test_admin_cannot_demote_self" time="0.426" /><testcase classname="tests.test_iteration12.TestRoleChange" name="test_invalid_role_422" time="0.253" /><testcase classname="tests.test_iteration12.TestRoleChange" name="test_unknown_user_404" time="0.111" /><testcase classname="tests.test_iteration12.TestRbacLanding" name="test_landing_map_no_auth" time="0.099" /></testsuite></testsuites>