<?xml version="1.0" encoding="utf-8"?><testsuites name="pytest tests"><testsuite name="pytest" errors="0" failures="1" skipped="0" tests="23" time="28.797" timestamp="2026-08-26T02:04:33.436571+00:00" hostname="agent-env-c1efb1bb-ca7d-44e4-b2b1-0c46a4bfc3bf"><testcase classname="tests.test_iteration3.TestTeamRBAC" name="test_requires_auth" time="0.290" /><testcase classname="tests.test_iteration3.TestReportScheduler" name="test_requires_auth" time="0.376" /><testcase classname="tests.test_iteration3.TestTeamRBAC" name="test_non_admin_forbidden" time="0.851" /><testcase classname="tests.test_iteration3.TestReportScheduler" name="test_default_schedule" time="0.633" /><testcase classname="tests.test_iteration3.TestReportScheduler" name="test_bad_frequency_422" time="0.116" /><testcase classname="tests.test_iteration3.TestReportScheduler" name="test_bad_recipient_422" time="0.113" /><testcase classname="tests.test_iteration3.TestReportScheduler" name="test_upsert_and_persist" time="0.578" /><testcase classname="tests.test_iteration3.TestTeamRBAC" name="test_invalid_role_422" time="0.476" /><testcase classname="tests.test_iteration3.TestTeamRBAC" name="test_invalid_email_422" time="0.102" /><testcase classname="tests.test_iteration3.TestTeamRBAC" name="test_invite_each_role_and_login[owner]" time="1.467" /><testcase classname="tests.test_iteration3.TestReportScheduler" name="test_preview_reflects_saved_config" time="0.377" /><testcase classname="tests.test_iteration3.TestReportScheduler" name="test_schedule_isolated_per_user" time="0.805" /><testcase classname="tests.test_iteration3.TestAiSessions" name="test_sessions_require_auth" time="0.111" /><testcase classname="tests.test_iteration3.TestAiSessions" name="test_session_created_and_continued" time="8.735" /><testcase classname="tests.test_iteration3.TestTeamRBAC" name="test_invite_each_role_and_login[technician]" time="1.405" /><testcase classname="tests.test_iteration3.TestTeamRBAC" name="test_invite_each_role_and_login[compliance]" time="1.333" /><testcase classname="tests.test_iteration3.TestTeamRBAC" name="test_invite_each_role_and_login[admin]" time="1.354" /><testcase classname="tests.test_iteration3.TestTeamRBAC" name="test_admin_cannot_remove_self" time="0.348" /><testcase classname="tests.test_iteration3.TestTeamRBAC" name="test_delete_unknown_user_404" time="0.172" /><testcase classname="tests.test_iteration3.TestAiSessions" name="test_other_user_gets_404" time="5.422"><failure message="assert 401 == 404&#10; +  where 401 = &lt;Response [401]&gt;.status_code">tests/test_iteration3.py:88: in test_other_user_gets_404
    assert r.status_code == 404
E   assert 401 == 404
E    +  where 401 = &lt;Response [401]&gt;.status_code</failure></testcase><testcase classname="tests.test_iteration3.TestAiSessions" name="test_delete_session_removes_messages" time="5.092" /><testcase classname="tests.test_iteration3.TestAiSessions" name="test_unknown_session_404" time="0.137" /><testcase classname="tests.test_iteration3.TestAiSessions" name="test_auto_flag_persisted" time="5.205" /></testsuite></testsuites>