<?xml version="1.0" encoding="utf-8"?><testsuites name="pytest tests"><testsuite name="pytest" errors="0" failures="0" skipped="0" tests="155" time="131.719" timestamp="2026-08-26T04:33:25.694900+00:00" hostname="agent-env-c1efb1bb-ca7d-44e4-b2b1-0c46a4bfc3bf"><testcase classname="tests.test_iteration10.TestFleetAuthRequired" name="test_requires_bearer[/fleet/categories]" time="0.347" /><testcase classname="tests.test_iteration11.TestAlarmSeverities" name="test_valid_severities_accepted[Low]" time="0.447" /><testcase classname="tests.test_iteration10.TestFleetAuthRequired" name="test_requires_bearer[/fleet/kpis]" time="0.098" /><testcase classname="tests.test_iteration10.TestFleetAuthRequired" name="test_requires_bearer[/fleet/sites]" time="0.096" /><testcase classname="tests.test_iteration11.TestAlarmSeverities" name="test_valid_severities_accepted[Medium]" time="0.165" /><testcase classname="tests.test_iteration10.TestFleetAuthRequired" name="test_requires_bearer[/fleet/sites/S00001]" time="0.122" /><testcase classname="tests.test_iteration11.TestAlarmSeverities" name="test_valid_severities_accepted[High]" time="0.103" /><testcase classname="tests.test_iteration10.TestFleetAuthRequired" name="test_requires_bearer[/fleet/telemetry?site_id=S00001]" time="0.106" /><testcase classname="tests.test_iteration11.TestAlarmSeverities" name="test_valid_severities_accepted[Critical]" time="0.100" /><testcase classname="tests.test_iteration10.TestFleetAuthRequired" name="test_requires_bearer[/fleet/alarms]" time="0.102" /><testcase classname="tests.test_iteration11.TestAlarmSeverities" name="test_critical_count_is_38" time="0.095" /><testcase classname="tests.test_iteration10.TestFleetAuthRequired" name="test_requires_bearer[/fleet/work-orders]" time="0.093" /><testcase classname="tests.test_iteration11.TestAlarmSeverities" name="test_invalid_severity_422[INVALID]" time="0.136" /><testcase classname="tests.test_iteration10.TestFleetAuthRequired" name="test_requires_bearer[/fleet/states]" time="0.090" /><testcase classname="tests.test_iteration11.TestAlarmSeverities" name="test_invalid_severity_422[critical]" time="0.091" /><testcase classname="tests.test_iteration10.TestFleetAuthRequired" name="test_requires_bearer[/fleet/performance/trend?site_id=S00001]" time="0.132" /><testcase classname="tests.test_iteration11.TestAlarmSeverities" name="test_invalid_severity_422[Sev1]" time="0.100" /><testcase classname="tests.test_iteration10.TestFleetAuthRequired" name="test_bad_token_rejected" time="0.092" /><testcase classname="tests.test_iteration11.TestAlarmSeverities" name="test_invalid_severity_422[]" time="0.094" /><testcase classname="tests.test_iteration3.TestTeamRBAC" name="test_requires_auth" time="0.094" /><testcase classname="tests.test_iteration11.TestAlarmSeverities" name="test_severity_totals_sum_to_800" time="0.591" /><testcase classname="tests.test_iteration3.TestTeamRBAC" name="test_non_admin_forbidden" time="0.713" /><testcase classname="tests.test_iteration10.TestLegacyRegression" name="test_portfolio_metrics" time="0.103" /><testcase classname="tests.test_iteration10.TestLegacyRegression" name="test_auth_me" time="0.168" /><testcase classname="tests.test_iteration10.TestLegacyRegression" name="test_legacy_lists[/portfolios]" time="0.220" /><testcase classname="tests.test_iteration3.TestTeamRBAC" name="test_invalid_role_422" time="0.419" /><testcase classname="tests.test_iteration10.TestLegacyRegression" name="test_legacy_lists[/alerts]" time="0.144" /><testcase classname="tests.test_iteration3.TestTeamRBAC" name="test_invalid_email_422" time="0.115" /><testcase classname="tests.test_iteration10.TestLegacyRegression" name="test_legacy_lists[/snapshots]" time="0.108" /><testcase classname="tests.test_iteration3.TestTeamRBAC" name="test_invite_each_role_and_login[owner]" time="1.362" /><testcase classname="tests.test_iteration10.TestLegacyRegression" name="test_legacy_lists[/actions]" time="0.276" /><testcase classname="tests.test_iteration10.TestLegacyRegression" name="test_legacy_lists[/team/users]" time="0.099" /><testcase classname="tests.test_iteration10.TestLegacyRegression" name="test_legacy_lists[/reports/schedule]" time="0.325" /><testcase classname="tests.test_iteration10.TestLegacyRegression" name="test_legacy_lists[/reports/branding]" time="0.096" /><testcase classname="tests.test_iteration3.TestReportScheduler" name="test_requires_auth" time="0.191" /><testcase classname="tests.test_iteration3.TestReportScheduler" name="test_default_schedule" time="0.645" /><testcase classname="tests.test_iteration3.TestTeamRBAC" name="test_invite_each_role_and_login[technician]" time="1.256" /><testcase classname="tests.test_iteration3.TestReportScheduler" name="test_bad_frequency_422" time="0.105" /><testcase classname="tests.test_iteration3.TestReportScheduler" name="test_bad_recipient_422" time="0.124" /><testcase classname="tests.test_iteration3.TestReportScheduler" name="test_upsert_and_persist" time="0.628" /><testcase classname="tests.test_iteration3.TestReportScheduler" name="test_preview_reflects_saved_config" time="0.403" /><testcase classname="tests.test_iteration3.TestTeamRBAC" name="test_invite_each_role_and_login[compliance]" time="1.157" /><testcase classname="tests.test_iteration3.TestReportScheduler" name="test_schedule_isolated_per_user" time="0.420" /><testcase classname="tests.test_iteration9.TestActions" name="test_actions_requires_auth" time="0.181" /><testcase classname="tests.test_iteration9.TestActions" name="test_actions_validation[payload0]" time="0.092" /><testcase classname="tests.test_iteration9.TestActions" name="test_actions_validation[payload1]" time="0.093" /><testcase classname="tests.test_iteration9.TestActions" name="test_actions_validation[payload2]" time="0.103" /><testcase classname="tests.test_iteration3.TestTeamRBAC" name="test_invite_each_role_and_login[admin]" time="1.463" /><testcase classname="tests.test_iteration9.TestActions" name="test_actions_validation[payload3]" time="0.261" /><testcase classname="tests.test_iteration9.TestActions" name="test_create_and_list_action" time="0.203" /><testcase classname="tests.test_iteration9.TestActions" name="test_actions_scoped_per_user" time="0.367" /><testcase classname="tests.backend_test.TestPasswordReset" name="test_forgot_unknown_email_no_enumeration" time="0.179" /><testcase classname="tests.backend_test.TestPasswordReset" name="test_forgot_invalid_email_format" time="0.090" /><testcase classname="tests.test_iteration3.TestTeamRBAC" name="test_admin_cannot_remove_self" time="0.655" /><testcase classname="tests.backend_test.TestPasswordReset" name="test_full_reset_flow" time="1.416" /><testcase classname="tests.test_iteration3.TestTeamRBAC" name="test_delete_unknown_user_404" time="0.279" /><testcase classname="tests.test_iteration10.TestSites" name="test_list_sites_limit_and_fields" time="0.096" /><testcase classname="tests.test_iteration10.TestSites" name="test_pagination_and_category_filter" time="0.304" /><testcase classname="tests.backend_test.TestPasswordReset" name="test_reset_bad_token" time="0.089" /><testcase classname="tests.backend_test.TestPasswordReset" name="test_reset_short_password_validation" time="0.089" /><testcase classname="tests.backend_test.TestPasswordReset" name="test_expired_token_rejected" time="0.215" /><testcase classname="tests.test_iteration10.TestSites" name="test_search_filter" time="0.116" /><testcase classname="tests.test_iteration10.TestSites" name="test_state_filter" time="0.193" /><testcase classname="tests.test_iteration3.TestAiSessions" name="test_sessions_require_auth" time="0.103" /><testcase classname="tests.test_iteration3.TestAiSessions" name="test_session_created_and_continued" time="77.648" /><testcase classname="tests.test_iteration10.TestSites" name="test_site_detail" time="0.241" /><testcase classname="tests.test_iteration10.TestSites" name="test_site_detail_404" time="0.158" /><testcase classname="tests.test_iteration7.TestHealthAndAuth" name="test_root" time="0.090" /><testcase classname="tests.test_iteration7.TestHealthAndAuth" name="test_login_and_me" time="0.443" /><testcase classname="tests.test_iteration7.TestHealthAndAuth" name="test_login_bad_password" time="0.095" /><testcase classname="tests.test_iteration7.TestHealthAndAuth" name="test_me_without_token" time="0.099" /><testcase classname="tests.test_iteration7.TestHealthAndAuth" name="test_me_with_garbage_token" time="0.096" /><testcase classname="tests.test_iteration7.TestHealthAndAuth" name="test_repeated_bad_logins_lock_out" time="32.215" /><testcase classname="tests.test_iteration7.TestPortfolios" name="test_list_autoseeds_default" time="0.136" /><testcase classname="tests.test_iteration7.TestPortfolios" name="test_create_get_delete" time="0.497" /><testcase classname="tests.test_iteration7.TestPortfolios" name="test_delete_missing_404" time="0.096" /><testcase classname="tests.test_iteration7.TestPortfolios" name="test_metrics_unknown_portfolio_404" time="0.122" /><testcase classname="tests.test_iteration7.TestPortfolios" name="test_portfolio_isolation" time="0.383" /><testcase classname="tests.test_iteration7.TestPortfolios" name="test_create_validation" time="0.101" /><testcase classname="tests.backend_test.TestAuthRegression" name="test_root" time="0.093" /><testcase classname="tests.backend_test.TestAuthRegression" name="test_me_requires_auth" time="0.105" /><testcase classname="tests.backend_test.TestAuthRegression" name="test_login_and_me" time="0.365" /><testcase classname="tests.backend_test.TestAuthRegression" name="test_login_bad_password" time="0.045" /><testcase classname="tests.backend_test.TestAuthRegression" name="test_bcrypt_hash_format" time="0.004" /><testcase classname="tests.test_iteration10.TestAlarms" name="test_alarms_default" time="0.138" /><testcase classname="tests.test_iteration10.TestAlarms" name="test_alarms_severity_filter" time="0.106" /><testcase classname="tests.test_iteration10.TestAlarms" name="test_alarms_invalid_severity_422" time="0.140" /><testcase classname="tests.test_iteration10.TestAlarms" name="test_alarms_critical_severity_supported" time="0.100" /><testcase classname="tests.test_iteration10.TestAlarms" name="test_alarms_site_filter" time="0.098" /><testcase classname="tests.test_iteration9.TestSnapshots" name="test_snapshots_requires_auth" time="0.191" /><testcase classname="tests.test_iteration9.TestSnapshots" name="test_list_snapshots_no_metrics_and_sorted" time="0.319" /><testcase classname="tests.test_iteration9.TestSnapshots" name="test_revoke_own_snapshot_and_public_404" time="0.478" /><testcase classname="tests.test_iteration9.TestSnapshots" name="test_revoke_other_users_snapshot_404" time="0.407" /><testcase classname="tests.test_iteration9.TestSnapshots" name="test_revoke_unknown_token_404" time="0.104" /><testcase classname="tests.backend_test.TestAiInsight" name="test_requires_auth" time="0.110" /><testcase classname="tests.backend_test.TestAiInsight" name="test_validation_empty_question" time="0.106" /><testcase classname="tests.backend_test.TestAiInsight" name="test_stream_general" time="4.767" /><testcase classname="tests.backend_test.TestAiInsight" name="test_stream_with_finding_context" time="6.883" /><testcase classname="tests.test_iteration10.TestTelemetry" name="test_telemetry_rows" time="0.125" /><testcase classname="tests.test_iteration10.TestTelemetry" name="test_telemetry_window_slides" time="35.244" /><testcase classname="tests.test_iteration3.TestAiSessions" name="test_other_user_gets_404" time="5.050" /><testcase classname="tests.test_iteration3.TestAiSessions" name="test_delete_session_removes_messages" time="3.740" /><testcase classname="tests.test_iteration10.TestTelemetry" name="test_telemetry_unknown_site" time="0.148" /><testcase classname="tests.test_iteration10.TestTelemetry" name="test_telemetry_hours_validation" time="0.206" /><testcase classname="tests.test_iteration11.TestTelemetryAggregation" name="test_telemetry_24h_returns_24_rows_with_real_curve" time="0.095" /><testcase classname="tests.test_iteration11.TestTelemetryAggregation" name="test_telemetry_partial_window_still_aggregated" time="0.122" /><testcase classname="tests.test_iteration11.TestTelemetryAggregation" name="test_telemetry_window_slides" time="35.224" /><testcase classname="tests.test_iteration3.TestAiSessions" name="test_unknown_session_404" time="0.096" /><testcase classname="tests.test_iteration3.TestAiSessions" name="test_auto_flag_persisted" time="5.176" /><testcase classname="tests.test_iteration7.TestAlerts" name="test_push_list_filter_ack" time="0.684" /><testcase classname="tests.test_iteration7.TestAlerts" name="test_ack_missing_404" time="0.313" /><testcase classname="tests.test_iteration7.TestAlerts" name="test_invalid_severity_422" time="0.121" /><testcase classname="tests.test_iteration7.TestAlerts" name="test_alerts_require_auth" time="0.111" /><testcase classname="tests.backend_test.TestMetrics" name="test_metrics_requires_auth" time="0.096" /><testcase classname="tests.backend_test.TestMetrics" name="test_metrics_shape" time="0.414" /><testcase classname="tests.backend_test.TestMetrics" name="test_metrics_jitter_changes" time="1.647" /><testcase classname="tests.test_iteration10.TestKpis" name="test_fleet_kpis_all" time="0.137" /><testcase classname="tests.test_iteration10.TestKpis" name="test_fleet_kpis_filtered" time="0.105" /><testcase classname="tests.test_iteration10.TestKpis" name="test_unknown_category_returns_zeros_not_full_fleet" time="0.098" /><testcase classname="tests.test_iteration10.TestWorkOrders" name="test_work_orders" time="0.111" /><testcase classname="tests.test_iteration10.TestWorkOrders" name="test_work_orders_status_filter" time="0.108" /><testcase classname="tests.test_iteration10.TestWorkOrders" name="test_work_orders_status_breakdown_ignores_filter" time="0.216" /><testcase classname="tests.test_iteration10.TestStatesAndTrend" name="test_states_sorted_desc" time="0.106" /><testcase classname="tests.test_iteration10.TestStatesAndTrend" name="test_states_category_filter" time="0.106" /><testcase classname="tests.test_iteration10.TestStatesAndTrend" name="test_performance_trend" time="0.096" /><testcase classname="tests.test_iteration11.TestKpisEmptyScope" name="test_unknown_category_all_zeros" time="0.092" /><testcase classname="tests.test_iteration11.TestKpisEmptyScope" name="test_known_category_still_scoped" time="0.113" /><testcase classname="tests.test_iteration11.TestKpisEmptyScope" name="test_no_category_full_fleet" time="0.118" /><testcase classname="tests.test_iteration11.TestAlarmsCategoryFilter" name="test_wind_farm_alarms_scoped" time="0.269" /><testcase classname="tests.test_iteration11.TestAlarmsCategoryFilter" name="test_unknown_category_zero" time="0.095" /><testcase classname="tests.test_iteration11.TestAlarmsCategoryFilter" name="test_category_and_severity_combined" time="0.100" /><testcase classname="tests.test_iteration11.TestAuthRegression" name="test_login_and_me" time="0.099" /><testcase classname="tests.test_iteration11.TestAuthRegression" name="test_bcrypt_hash_format" time="0.004" /><testcase classname="tests.test_iteration11.TestAuthRegression" name="test_fleet_endpoints_require_auth" time="0.299" /><testcase classname="tests.test_iteration7.TestSnapshots" name="test_create_and_public_read" time="0.304" /><testcase classname="tests.test_iteration7.TestSnapshots" name="test_unknown_token_404" time="0.093" /><testcase classname="tests.test_iteration7.TestSnapshots" name="test_snapshot_requires_auth" time="0.117" /><testcase classname="tests.backend_test.TestContact" name="test_contact_ok" time="0.047" /><testcase classname="tests.backend_test.TestContact" name="test_contact_validation" time="0.088" /><testcase classname="tests.test_iteration10.TestHealthAndSeed" name="test_healthz_reports_seeded_sites" time="0.106" /><testcase classname="tests.test_iteration10.TestHealthAndSeed" name="test_root" time="0.095" /><testcase classname="tests.test_iteration7.TestBranding" name="test_get_default_and_save_roundtrip" time="0.396" /><testcase classname="tests.test_iteration7.TestBranding" name="test_oversized_logo_rejected" time="0.447" /><testcase classname="tests.test_iteration9.TestLoginRateLimit" name="test_lockout_after_five_failures" time="2.391" /><testcase classname="tests.test_iteration9.TestLoginRateLimit" name="test_success_clears_counter" time="3.337" /><testcase classname="tests.test_iteration9.TestWeeklyDigest" name="test_digest_requires_auth" time="0.089" /><testcase classname="tests.test_iteration9.TestWeeklyDigest" name="test_digest_generation" time="9.295" /><testcase classname="tests.test_iteration10.TestCategories" name="test_eight_categories_with_real_counts" time="0.420" /><testcase classname="tests.test_iteration7.TestChangePassword" name="test_change_and_revert" time="2.781" /><testcase classname="tests.test_iteration7.TestMetricsPolling" name="test_values_change_between_polls" time="0.716" /><testcase classname="tests.test_iteration11.TestTelemetryAggregation" name="test_telemetry_other_site" time="0.100" /><testcase classname="tests.test_iteration11.TestWorkOrders" name="test_status_breakdown_respects_filter" time="0.098" /><testcase classname="tests.test_iteration11.TestWorkOrders" name="test_unfiltered_breakdown_sums_to_total" time="0.101" /><testcase classname="tests.test_iteration11.TestWorkOrders" name="test_category_filter" time="0.193" /><testcase classname="tests.test_iteration11.TestWorkOrders" name="test_unknown_category_zero" time="0.134" /></testsuite></testsuites>