<?xml version="1.0" encoding="utf-8"?><testsuites name="pytest tests"><testsuite name="pytest" errors="0" failures="0" skipped="0" tests="66" time="97.237" timestamp="2026-08-26T02:56:24.141895+00:00" hostname="agent-env-c1efb1bb-ca7d-44e4-b2b1-0c46a4bfc3bf"><testcase classname="tests.test_iteration3.TestReportScheduler" name="test_requires_auth" time="0.260" /><testcase classname="tests.test_iteration3.TestTeamRBAC" name="test_requires_auth" time="0.197" /><testcase classname="tests.test_iteration3.TestTeamRBAC" name="test_non_admin_forbidden" time="0.782" /><testcase classname="tests.test_iteration3.TestReportScheduler" name="test_default_schedule" time="0.665" /><testcase classname="tests.test_iteration3.TestReportScheduler" name="test_bad_frequency_422" time="0.100" /><testcase classname="tests.test_iteration3.TestReportScheduler" name="test_bad_recipient_422" time="0.282" /><testcase classname="tests.test_iteration3.TestReportScheduler" name="test_upsert_and_persist" time="0.633" /><testcase classname="tests.test_iteration3.TestTeamRBAC" name="test_invalid_role_422" time="0.521" /><testcase classname="tests.test_iteration3.TestTeamRBAC" name="test_invalid_email_422" time="0.110" /><testcase classname="tests.test_iteration3.TestTeamRBAC" name="test_invite_each_role_and_login[owner]" time="1.328" /><testcase classname="tests.test_iteration3.TestReportScheduler" name="test_preview_reflects_saved_config" time="0.468" /><testcase classname="tests.test_iteration3.TestReportScheduler" name="test_schedule_isolated_per_user" time="0.551" /><testcase classname="tests.test_iteration3.TestTeamRBAC" name="test_invite_each_role_and_login[technician]" time="1.948" /><testcase classname="tests.backend_test.TestPasswordReset" name="test_forgot_unknown_email_no_enumeration" time="0.303" /><testcase classname="tests.backend_test.TestPasswordReset" name="test_forgot_invalid_email_format" time="0.045" /><testcase classname="tests.backend_test.TestPasswordReset" name="test_full_reset_flow" time="1.372" /><testcase classname="tests.backend_test.TestPasswordReset" name="test_reset_bad_token" time="0.043" /><testcase classname="tests.backend_test.TestPasswordReset" name="test_reset_short_password_validation" time="0.083" /><testcase classname="tests.backend_test.TestPasswordReset" name="test_expired_token_rejected" time="0.407" /><testcase classname="tests.test_iteration3.TestTeamRBAC" name="test_invite_each_role_and_login[compliance]" time="1.222" /><testcase classname="tests.test_iteration3.TestAiSessions" name="test_sessions_require_auth" time="0.168" /><testcase classname="tests.test_iteration3.TestAiSessions" name="test_session_created_and_continued" time="77.233" /><testcase classname="tests.test_iteration3.TestTeamRBAC" name="test_invite_each_role_and_login[admin]" time="50.904" /><testcase classname="tests.test_iteration3.TestTeamRBAC" name="test_admin_cannot_remove_self" time="0.436" /><testcase classname="tests.test_iteration3.TestTeamRBAC" name="test_delete_unknown_user_404" time="0.139" /><testcase classname="tests.test_iteration7.TestHealthAndAuth" name="test_root" time="0.096" /><testcase classname="tests.test_iteration7.TestHealthAndAuth" name="test_login_and_me" time="0.424" /><testcase classname="tests.test_iteration7.TestHealthAndAuth" name="test_login_bad_password" time="0.327" /><testcase classname="tests.test_iteration7.TestHealthAndAuth" name="test_me_without_token" time="0.096" /><testcase classname="tests.test_iteration7.TestHealthAndAuth" name="test_me_with_garbage_token" time="0.119" /><testcase classname="tests.test_iteration7.TestHealthAndAuth" name="test_repeated_bad_logins_then_good_login" time="2.360" /><testcase classname="tests.test_iteration7.TestPortfolios" name="test_list_autoseeds_default" time="0.104" /><testcase classname="tests.test_iteration7.TestPortfolios" name="test_create_get_delete" time="0.517" /><testcase classname="tests.test_iteration7.TestPortfolios" name="test_delete_missing_404" time="3.205" /><testcase classname="tests.test_iteration7.TestPortfolios" name="test_metrics_unknown_portfolio_404" time="0.138" /><testcase classname="tests.test_iteration7.TestPortfolios" name="test_portfolio_isolation" time="0.426" /><testcase classname="tests.test_iteration7.TestPortfolios" name="test_create_validation" time="0.102" /><testcase classname="tests.backend_test.TestAuthRegression" name="test_root" time="0.100" /><testcase classname="tests.backend_test.TestAuthRegression" name="test_me_requires_auth" time="0.100" /><testcase classname="tests.backend_test.TestAuthRegression" name="test_login_and_me" time="0.380" /><testcase classname="tests.backend_test.TestAuthRegression" name="test_login_bad_password" time="0.278" /><testcase classname="tests.backend_test.TestAuthRegression" name="test_bcrypt_hash_format" time="0.075" /><testcase classname="tests.backend_test.TestAiInsight" name="test_requires_auth" time="0.118" /><testcase classname="tests.backend_test.TestAiInsight" name="test_validation_empty_question" time="0.122" /><testcase classname="tests.backend_test.TestAiInsight" name="test_stream_general" time="4.473" /><testcase classname="tests.backend_test.TestAiInsight" name="test_stream_with_finding_context" time="6.881" /><testcase classname="tests.test_iteration7.TestAlerts" name="test_push_list_filter_ack" time="1.367" /><testcase classname="tests.test_iteration7.TestAlerts" name="test_ack_missing_404" time="0.099" /><testcase classname="tests.test_iteration7.TestAlerts" name="test_invalid_severity_422" time="0.104" /><testcase classname="tests.test_iteration7.TestAlerts" name="test_alerts_require_auth" time="0.114" /><testcase classname="tests.backend_test.TestMetrics" name="test_metrics_requires_auth" time="0.094" /><testcase classname="tests.backend_test.TestMetrics" name="test_metrics_shape" time="0.101" /><testcase classname="tests.backend_test.TestMetrics" name="test_metrics_jitter_changes" time="1.597" /><testcase classname="tests.test_iteration7.TestSnapshots" name="test_create_and_public_read" time="0.328" /><testcase classname="tests.test_iteration7.TestSnapshots" name="test_unknown_token_404" time="0.097" /><testcase classname="tests.test_iteration7.TestSnapshots" name="test_snapshot_requires_auth" time="0.103" /><testcase classname="tests.backend_test.TestContact" name="test_contact_ok" time="0.046" /><testcase classname="tests.backend_test.TestContact" name="test_contact_validation" time="0.052" /><testcase classname="tests.test_iteration7.TestBranding" name="test_get_default_and_save_roundtrip" time="0.433" /><testcase classname="tests.test_iteration7.TestBranding" name="test_oversized_logo_rejected" time="0.174" /><testcase classname="tests.test_iteration3.TestAiSessions" name="test_other_user_gets_404" time="4.285" /><testcase classname="tests.test_iteration7.TestChangePassword" name="test_change_and_revert" time="2.872" /><testcase classname="tests.test_iteration7.TestMetricsPolling" name="test_values_change_between_polls" time="0.710" /><testcase classname="tests.test_iteration3.TestAiSessions" name="test_delete_session_removes_messages" time="3.895" /><testcase classname="tests.test_iteration3.TestAiSessions" name="test_unknown_session_404" time="0.099" /><testcase classname="tests.test_iteration3.TestAiSessions" name="test_auto_flag_persisted" time="5.326" /></testsuite></testsuites>