<?xml version="1.0" encoding="utf-8"?><testsuites name="pytest tests"><testsuite name="pytest" errors="0" failures="1" skipped="0" tests="234" time="166.423" timestamp="2026-08-26T06:31:35.744029+00:00" hostname="agent-env-c1efb1bb-ca7d-44e4-b2b1-0c46a4bfc3bf"><testcase classname="tests.test_iteration10.TestFleetAuthRequired" name="test_requires_bearer[/fleet/categories]" time="0.133" /><testcase classname="tests.test_iteration10.TestFleetAuthRequired" name="test_requires_bearer[/fleet/kpis]" time="0.225" /><testcase classname="tests.test_iteration10.TestFleetAuthRequired" name="test_requires_bearer[/fleet/sites]" time="0.534" /><testcase classname="tests.test_iteration10.TestFleetAuthRequired" name="test_requires_bearer[/fleet/sites/S00001]" time="0.162" /><testcase classname="tests.test_iteration10.TestFleetAuthRequired" name="test_requires_bearer[/fleet/telemetry?site_id=S00001]" time="0.099" /><testcase classname="tests.test_iteration10.TestFleetAuthRequired" name="test_requires_bearer[/fleet/alarms]" time="0.227" /><testcase classname="tests.test_iteration10.TestFleetAuthRequired" name="test_requires_bearer[/fleet/work-orders]" time="0.319" /><testcase classname="tests.test_iteration12.TestEndpointGuards" name="test_post_alerts_allowed[technician]" time="1.830" /><testcase classname="tests.test_iteration10.TestFleetAuthRequired" name="test_requires_bearer[/fleet/states]" time="0.093" /><testcase classname="tests.test_iteration10.TestFleetAuthRequired" name="test_requires_bearer[/fleet/performance/trend?site_id=S00001]" time="0.121" /><testcase classname="tests.test_iteration12.TestEndpointGuards" name="test_post_alerts_allowed[asset_manager]" time="0.116" /><testcase classname="tests.test_iteration10.TestFleetAuthRequired" name="test_bad_token_rejected" time="0.095" /><testcase classname="tests.test_iteration12.TestEndpointGuards" name="test_post_alerts_allowed[om_manager]" time="0.104" /><testcase classname="tests.test_iteration12.TestEndpointGuards" name="test_post_alerts_allowed[admin]" time="0.278" /><testcase classname="tests.test_iteration11.TestAlarmSeverities" name="test_valid_severities_accepted[Low]" time="0.427" /><testcase classname="tests.test_iteration12.TestEndpointGuards" name="test_post_alerts_executive_403" time="0.097" /><testcase classname="tests.test_iteration12.TestEndpointGuards" name="test_post_alerts_no_auth_401" time="0.093" /><testcase classname="tests.test_iteration11.TestAlarmSeverities" name="test_valid_severities_accepted[Medium]" time="0.109" /><testcase classname="tests.test_iteration12.TestEndpointGuards" name="test_post_actions_allowed[technician]" time="0.094" /><testcase classname="tests.test_iteration11.TestAlarmSeverities" name="test_valid_severities_accepted[High]" time="0.155" /><testcase classname="tests.test_iteration12.TestEndpointGuards" name="test_post_actions_allowed[asset_manager]" time="0.172" /><testcase classname="tests.test_iteration11.TestAlarmSeverities" name="test_valid_severities_accepted[Critical]" time="0.098" /><testcase classname="tests.test_iteration12.TestEndpointGuards" name="test_post_actions_allowed[om_manager]" time="0.100" /><testcase classname="tests.test_iteration11.TestAlarmSeverities" name="test_critical_count_is_38" time="0.100" /><testcase classname="tests.test_iteration12.TestEndpointGuards" name="test_post_actions_allowed[admin]" time="0.188" /><testcase classname="tests.test_iteration11.TestAlarmSeverities" name="test_invalid_severity_422[INVALID]" time="0.097" /><testcase classname="tests.test_iteration11.TestAlarmSeverities" name="test_invalid_severity_422[critical]" time="0.168" /><testcase classname="tests.test_iteration12.TestEndpointGuards" name="test_post_actions_executive_403" time="0.096" /><testcase classname="tests.test_iteration11.TestAlarmSeverities" name="test_invalid_severity_422[Sev1]" time="0.114" /><testcase classname="tests.test_iteration12.TestEndpointGuards" name="test_acknowledge_guard" time="0.306" /><testcase classname="tests.test_iteration11.TestAlarmSeverities" name="test_invalid_severity_422[]" time="0.096" /><testcase classname="tests.test_iteration11.TestAlarmSeverities" name="test_severity_totals_sum_to_800" time="0.444" /><testcase classname="tests.test_iteration12.TestEndpointGuards" name="test_team_users_admin_only[executive]" time="0.089" /><testcase classname="tests.test_iteration12.TestEndpointGuards" name="test_team_users_admin_only[asset_manager]" time="0.096" /><testcase classname="tests.test_iteration12.TestEndpointGuards" name="test_team_users_admin_only[om_manager]" time="0.098" /><testcase classname="tests.test_iteration12.TestEndpointGuards" name="test_team_users_admin_only[technician]" time="0.092" /><testcase classname="tests.test_iteration12.TestEndpointGuards" name="test_team_users_admin_ok" time="0.291" /><testcase classname="tests.test_iteration13.TestEvidence" name="test_upload_image" time="0.743" /><testcase classname="tests.test_iteration12.TestEndpointGuards" name="test_fleet_open_to_all_roles[executive]" time="0.441" /><testcase classname="tests.test_iteration13.TestEvidence" name="test_list_evidence_by_alarm" time="0.119" /><testcase classname="tests.test_iteration12.TestEndpointGuards" name="test_fleet_open_to_all_roles[technician]" time="0.122" /><testcase classname="tests.test_iteration13.TestEvidence" name="test_fetch_file_with_query_token" time="0.397" /><testcase classname="tests.test_iteration3.TestTeamRBAC" name="test_requires_auth" time="0.376" /><testcase classname="tests.test_iteration13.TestEvidence" name="test_fetch_file_with_header" time="0.562" /><testcase classname="tests.test_iteration3.TestTeamRBAC" name="test_non_admin_forbidden" time="0.973" /><testcase classname="tests.test_iteration13.TestEvidence" name="test_fetch_file_no_token_401" time="0.095" /><testcase classname="tests.test_iteration13.TestEvidence" name="test_fetch_other_users_evidence_403" time="0.412" /><testcase classname="tests.test_iteration13.TestEvidence" name="test_fetch_missing_404" time="0.242" /><testcase classname="tests.test_iteration13.TestEvidence" name="test_non_image_upload_415" time="0.099" /><testcase classname="tests.test_iteration3.TestTeamRBAC" name="test_invalid_role_422" time="0.469" /><testcase classname="tests.test_iteration13.TestEvidence" name="test_evidence_scoped_to_own_uploads" time="0.094" /><testcase classname="tests.test_iteration3.TestTeamRBAC" name="test_invalid_email_422" time="0.099" /><testcase classname="tests.test_iteration13.TestEvidence" name="test_upload_requires_auth" time="0.087" /><testcase classname="tests.test_iteration3.TestTeamRBAC" name="test_invite_each_role_and_login[owner]" time="1.228" /><testcase classname="tests.test_iteration10.TestLegacyRegression" name="test_portfolio_metrics" time="0.272" /><testcase classname="tests.test_iteration10.TestLegacyRegression" name="test_auth_me" time="0.097" /><testcase classname="tests.test_iteration10.TestLegacyRegression" name="test_legacy_lists[/portfolios]" time="0.094" /><testcase classname="tests.test_iteration10.TestLegacyRegression" name="test_legacy_lists[/alerts]" time="0.265" /><testcase classname="tests.test_iteration10.TestLegacyRegression" name="test_legacy_lists[/snapshots]" time="0.097" /><testcase classname="tests.test_iteration10.TestLegacyRegression" name="test_legacy_lists[/actions]" time="0.102" /><testcase classname="tests.test_iteration10.TestLegacyRegression" name="test_legacy_lists[/team/users]" time="0.102" /><testcase classname="tests.test_iteration10.TestLegacyRegression" name="test_legacy_lists[/reports/schedule]" time="0.108" /><testcase classname="tests.test_iteration10.TestLegacyRegression" name="test_legacy_lists[/reports/branding]" time="0.105" /><testcase classname="tests.test_iteration3.TestTeamRBAC" name="test_invite_each_role_and_login[technician]" time="1.386" /><testcase classname="tests.test_iteration12.TestRegisterRole" name="test_register_with_role[executive]" time="0.800" /><testcase classname="tests.test_iteration12.TestRegisterRole" name="test_register_with_role[asset_manager]" time="0.464" /><testcase classname="tests.test_iteration12.TestRegisterRole" name="test_register_with_role[om_manager]" time="0.546" /><testcase classname="tests.test_iteration3.TestTeamRBAC" name="test_invite_each_role_and_login[compliance]" time="53.772" /><testcase classname="tests.test_iteration12.TestRegisterRole" name="test_register_with_role[technician]" time="12.698" /><testcase classname="tests.test_iteration12.TestRegisterRole" name="test_register_default_role_executive" time="20.037" /><testcase classname="tests.test_iteration12.TestRegisterRole" name="test_register_invalid_role_422[invalid]" time="0.148" /><testcase classname="tests.test_iteration12.TestRegisterRole" name="test_register_invalid_role_422[admin]" time="3.166" /><testcase classname="tests.test_iteration12.TestRegisterRole" name="test_register_invalid_role_422[user]" time="1.096" /><testcase classname="tests.test_iteration12.TestRegisterRole" name="test_register_invalid_role_422[]" time="0.108" /><testcase classname="tests.test_iteration13.TestRegisterRoles" name="test_register_with_role[executive]" time="0.321" /><testcase classname="tests.test_iteration13.TestRegisterRoles" name="test_register_with_role[asset_manager]" time="0.323" /><testcase classname="tests.test_iteration13.TestRegisterRoles" name="test_register_with_role[om_manager]" time="0.341" /><testcase classname="tests.test_iteration13.TestRegisterRoles" name="test_register_with_role[technician]" time="5.496" /><testcase classname="tests.test_iteration13.TestRegisterRoles" name="test_register_with_role[performance_engineer]" time="4.433" /><testcase classname="tests.test_iteration13.TestRegisterRoles" name="test_register_with_role[client_viewer]" time="0.321" /><testcase classname="tests.test_iteration13.TestRegisterRoles" name="test_register_invalid_role_422" time="0.093" /><testcase classname="tests.test_iteration13.TestRegisterRoles" name="test_register_missing_role_defaults_executive" time="0.318" /><testcase classname="tests.test_iteration13.TestClientScope" name="test_admin_get_client_scope" time="0.445" /><testcase classname="tests.test_iteration13.TestClientScope" name="test_admin_scope_unknown_user_404" time="0.205" /><testcase classname="tests.test_iteration13.TestClientScope" name="test_my_scope_client" time="0.098" /><testcase classname="tests.test_iteration13.TestClientScope" name="test_my_scope_non_client_unrestricted" time="0.103" /><testcase classname="tests.test_iteration13.TestClientScope" name="test_client_portfolio" time="0.098" /><testcase classname="tests.test_iteration13.TestClientScope" name="test_portfolio_empty_scope_then_restore" time="0.493" /><testcase classname="tests.test_iteration13.TestClientScope" name="test_scope_persists_custom_sites" time="1.674" /><testcase classname="tests.test_iteration3.TestReportScheduler" name="test_requires_auth" time="0.229" /><testcase classname="tests.test_iteration3.TestReportScheduler" name="test_default_schedule" time="0.144" /><testcase classname="tests.test_iteration3.TestReportScheduler" name="test_bad_frequency_422" time="0.094" /><testcase classname="tests.test_iteration3.TestReportScheduler" name="test_bad_recipient_422" time="0.095" /><testcase classname="tests.test_iteration3.TestReportScheduler" name="test_upsert_and_persist" time="12.864" /><testcase classname="tests.test_iteration3.TestTeamRBAC" name="test_invite_each_role_and_login[admin]" time="1.174" /><testcase classname="tests.test_iteration3.TestTeamRBAC" name="test_admin_cannot_remove_self" time="0.291" /><testcase classname="tests.test_iteration3.TestTeamRBAC" name="test_delete_unknown_user_404" time="0.095" /><testcase classname="tests.test_iteration9.TestActions" name="test_actions_requires_auth" time="0.198" /><testcase classname="tests.test_iteration9.TestActions" name="test_actions_validation[payload0]" time="0.412" /><testcase classname="tests.test_iteration9.TestActions" name="test_actions_validation[payload1]" time="0.099" /><testcase classname="tests.test_iteration9.TestActions" name="test_actions_validation[payload2]" time="0.096" /><testcase classname="tests.test_iteration9.TestActions" name="test_actions_validation[payload3]" time="0.095" /><testcase classname="tests.test_iteration9.TestActions" name="test_create_and_list_action" time="0.501" /><testcase classname="tests.test_iteration9.TestActions" name="test_actions_scoped_per_user" time="0.198" /><testcase classname="tests.backend_test.TestPasswordReset" name="test_forgot_unknown_email_no_enumeration" time="0.113" /><testcase classname="tests.backend_test.TestPasswordReset" name="test_forgot_invalid_email_format" time="0.048" /><testcase classname="tests.backend_test.TestPasswordReset" name="test_full_reset_flow" time="1.195" /><testcase classname="tests.backend_test.TestPasswordReset" name="test_reset_bad_token" time="0.051" /><testcase classname="tests.backend_test.TestPasswordReset" name="test_reset_short_password_validation" time="0.049" /><testcase classname="tests.backend_test.TestPasswordReset" name="test_expired_token_rejected" time="0.100" /><testcase classname="tests.test_iteration10.TestSites" name="test_list_sites_limit_and_fields" time="0.113" /><testcase classname="tests.test_iteration10.TestSites" name="test_pagination_and_category_filter" time="0.336" /><testcase classname="tests.test_iteration10.TestSites" name="test_search_filter" time="0.119" /><testcase classname="tests.test_iteration10.TestSites" name="test_state_filter" time="0.191" /><testcase classname="tests.test_iteration10.TestSites" name="test_site_detail" time="0.102" /><testcase classname="tests.test_iteration10.TestSites" name="test_site_detail_404" time="0.099" /><testcase classname="tests.test_iteration12.TestDemoAccounts" name="test_login_role_in_payload[executive]" time="1.779" /><testcase classname="tests.test_iteration12.TestDemoAccounts" name="test_login_role_in_payload[asset_manager]" time="0.098" /><testcase classname="tests.test_iteration12.TestDemoAccounts" name="test_login_role_in_payload[om_manager]" time="0.101" /><testcase classname="tests.test_iteration12.TestDemoAccounts" name="test_login_role_in_payload[technician]" time="0.095" /><testcase classname="tests.test_iteration12.TestDemoAccounts" name="test_login_role_in_payload[admin]" time="0.097" /><testcase classname="tests.test_iteration12.TestDemoAccounts" name="test_legacy_user_role_migrated" time="0.005" /><testcase classname="tests.test_iteration13.TestWorkspaceSwitch" name="test_my_roles_shape" time="0.098" /><testcase classname="tests.test_iteration13.TestWorkspaceSwitch" name="test_my_roles_requires_auth" time="0.088" /><testcase classname="tests.test_iteration13.TestWorkspaceSwitch" name="test_switch_to_unheld_role_403" time="0.095" /><testcase classname="tests.test_iteration13.TestWorkspaceSwitch" name="test_admin_switch_is_reversible" time="1.010" /><testcase classname="tests.test_iteration13.TestWorkspaceSwitch" name="test_seeded_admin_has_roles_array" time="0.004"><failure message="AssertionError: seeded admin has no roles=['admin'] — /rbac/switch away from admin permanently demotes the super-admin account&#10;assert 'admin' in ((None or []))&#10; +  where None = &lt;built-in method get of dict object at 0xfb521697b240&gt;('roles')&#10; +    where &lt;built-in method get of dict object at 0xfb521697b240&gt; = {'_id': ObjectId('6a8e42db01790785a1f38607'), 'id': '0abc3d42-eee9-4350-9c92-693d0b729011', 'email': 'admin@greensolutions.ai', 'password_hash': '$2b$12$qVjSIVXs/sz49rJ1BLFuHuO3ye9zSBPBoeX5GCJf8ynVJhv0p/S5S', ...}.get">self = &lt;test_iteration13.TestWorkspaceSwitch object at 0xfb52168ed510&gt;

    def test_seeded_admin_has_roles_array(self):
        """Root cause of the admin-lockout bug: the seeded admin doc has no
        `roles` array, so once it switches workspace, `admin` is lost forever."""
        from pymongo import MongoClient
        from dotenv import dotenv_values
        be = dotenv_values("/app/backend/.env")
        cl = MongoClient(be["MONGO_URL"])
        u = cl[be["DB_NAME"]].users.find_one({"email": "admin@greensolutions.ai"})
        cl.close()
        assert u is not None
&gt;       assert "admin" in (u.get("roles") or []), (
            "seeded admin has no roles=['admin'] — /rbac/switch away from admin "
            "permanently demotes the super-admin account")
E       AssertionError: seeded admin has no roles=['admin'] — /rbac/switch away from admin permanently demotes the super-admin account
E       assert 'admin' in ((None or []))
E        +  where None = &lt;built-in method get of dict object at 0xfb521697b240&gt;('roles')
E        +    where &lt;built-in method get of dict object at 0xfb521697b240&gt; = {'_id': ObjectId('6a8e42db01790785a1f38607'), 'id': '0abc3d42-eee9-4350-9c92-693d0b729011', 'email': 'admin@greensolutions.ai', 'password_hash': '$2b$12$qVjSIVXs/sz49rJ1BLFuHuO3ye9zSBPBoeX5GCJf8ynVJhv0p/S5S', ...}.get

tests/test_iteration13.py:127: AssertionError</failure></testcase><testcase classname="tests.test_iteration13.TestWorkspaceSwitch" name="test_multirole_switch_flow" time="0.811" /><testcase classname="tests.test_iteration3.TestAiSessions" name="test_sessions_require_auth" time="0.096" /><testcase classname="tests.test_iteration3.TestAiSessions" name="test_session_created_and_continued" time="9.011" /><testcase classname="tests.test_iteration3.TestReportScheduler" name="test_preview_reflects_saved_config" time="0.198" /><testcase classname="tests.test_iteration3.TestReportScheduler" name="test_schedule_isolated_per_user" time="0.192" /><testcase classname="tests.test_iteration7.TestHealthAndAuth" name="test_root" time="0.096" /><testcase classname="tests.test_iteration7.TestHealthAndAuth" name="test_login_and_me" time="0.413" /><testcase classname="tests.test_iteration7.TestHealthAndAuth" name="test_login_bad_password" time="0.113" /><testcase classname="tests.test_iteration7.TestHealthAndAuth" name="test_me_without_token" time="0.114" /><testcase classname="tests.test_iteration7.TestHealthAndAuth" name="test_me_with_garbage_token" time="0.128" /><testcase classname="tests.test_iteration7.TestHealthAndAuth" name="test_repeated_bad_logins_lock_out" time="2.058" /><testcase classname="tests.test_iteration7.TestPortfolios" name="test_list_autoseeds_default" time="0.094" /><testcase classname="tests.test_iteration7.TestPortfolios" name="test_create_get_delete" time="0.469" /><testcase classname="tests.test_iteration7.TestPortfolios" name="test_delete_missing_404" time="0.099" /><testcase classname="tests.test_iteration7.TestPortfolios" name="test_metrics_unknown_portfolio_404" time="0.103" /><testcase classname="tests.test_iteration7.TestPortfolios" name="test_portfolio_isolation" time="0.576" /><testcase classname="tests.test_iteration7.TestPortfolios" name="test_create_validation" time="0.115" /><testcase classname="tests.backend_test.TestAuthRegression" name="test_root" time="0.086" /><testcase classname="tests.backend_test.TestAuthRegression" name="test_me_requires_auth" time="0.096" /><testcase classname="tests.backend_test.TestAuthRegression" name="test_login_and_me" time="0.368" /><testcase classname="tests.backend_test.TestAuthRegression" name="test_login_bad_password" time="0.039" /><testcase classname="tests.backend_test.TestAuthRegression" name="test_bcrypt_hash_format" time="0.004" /><testcase classname="tests.test_iteration10.TestAlarms" name="test_alarms_default" time="0.104" /><testcase classname="tests.test_iteration10.TestAlarms" name="test_alarms_severity_filter" time="0.109" /><testcase classname="tests.test_iteration10.TestAlarms" name="test_alarms_invalid_severity_422" time="0.097" /><testcase classname="tests.test_iteration10.TestAlarms" name="test_alarms_critical_severity_supported" time="0.097" /><testcase classname="tests.test_iteration10.TestAlarms" name="test_alarms_site_filter" time="0.094" /><testcase classname="tests.test_iteration3.TestAiSessions" name="test_other_user_gets_404" time="3.741" /><testcase classname="tests.test_iteration12.TestRoleChange" name="test_admin_changes_role_and_persists" time="2.224" /><testcase classname="tests.test_iteration12.TestRoleChange" name="test_non_admin_403" time="0.401" /><testcase classname="tests.test_iteration12.TestRoleChange" name="test_admin_cannot_demote_self" time="0.242" /><testcase classname="tests.test_iteration12.TestRoleChange" name="test_invalid_role_422" time="0.094" /><testcase classname="tests.test_iteration12.TestRoleChange" name="test_unknown_user_404" time="0.104" /><testcase classname="tests.test_iteration9.TestSnapshots" name="test_snapshots_requires_auth" time="0.208" /><testcase classname="tests.test_iteration9.TestSnapshots" name="test_list_snapshots_no_metrics_and_sorted" time="0.293" /><testcase classname="tests.test_iteration9.TestSnapshots" name="test_revoke_own_snapshot_and_public_404" time="0.511" /><testcase classname="tests.test_iteration9.TestSnapshots" name="test_revoke_other_users_snapshot_404" time="0.453" /><testcase classname="tests.test_iteration9.TestSnapshots" name="test_revoke_unknown_token_404" time="0.094" /><testcase classname="tests.backend_test.TestAiInsight" name="test_requires_auth" time="0.100" /><testcase classname="tests.backend_test.TestAiInsight" name="test_validation_empty_question" time="0.136" /><testcase classname="tests.test_iteration3.TestAiSessions" name="test_delete_session_removes_messages" time="4.803" /><testcase classname="tests.backend_test.TestAiInsight" name="test_stream_general" time="4.984" /><testcase classname="tests.test_iteration3.TestAiSessions" name="test_unknown_session_404" time="0.095" /><testcase classname="tests.test_iteration3.TestAiSessions" name="test_auto_flag_persisted" time="5.570" /><testcase classname="tests.backend_test.TestAiInsight" name="test_stream_with_finding_context" time="4.588" /><testcase classname="tests.test_iteration10.TestTelemetry" name="test_telemetry_rows" time="0.118" /><testcase classname="tests.test_iteration10.TestTelemetry" name="test_telemetry_window_slides" time="35.314" /><testcase classname="tests.test_iteration11.TestTelemetryAggregation" name="test_telemetry_24h_returns_24_rows_with_real_curve" time="0.173" /><testcase classname="tests.test_iteration11.TestTelemetryAggregation" name="test_telemetry_partial_window_still_aggregated" time="0.100" /><testcase classname="tests.test_iteration11.TestTelemetryAggregation" name="test_telemetry_window_slides" time="35.191" /><testcase classname="tests.test_iteration10.TestTelemetry" name="test_telemetry_unknown_site" time="0.100" /><testcase classname="tests.test_iteration10.TestTelemetry" name="test_telemetry_hours_validation" time="0.216" /><testcase classname="tests.test_iteration7.TestAlerts" name="test_push_list_filter_ack" time="0.868" /><testcase classname="tests.test_iteration11.TestTelemetryAggregation" name="test_telemetry_other_site" time="0.098" /><testcase classname="tests.test_iteration11.TestWorkOrders" name="test_status_breakdown_respects_filter" time="0.106" /><testcase classname="tests.test_iteration11.TestWorkOrders" name="test_unfiltered_breakdown_sums_to_total" time="0.108" /><testcase classname="tests.test_iteration11.TestWorkOrders" name="test_category_filter" time="0.219" /><testcase classname="tests.test_iteration7.TestAlerts" name="test_ack_missing_404" time="0.149" /><testcase classname="tests.test_iteration7.TestAlerts" name="test_invalid_severity_422" time="0.110" /><testcase classname="tests.test_iteration11.TestWorkOrders" name="test_unknown_category_zero" time="0.197" /><testcase classname="tests.test_iteration7.TestAlerts" name="test_alerts_require_auth" time="0.097" /><testcase classname="tests.test_iteration10.TestKpis" name="test_fleet_kpis_all" time="0.113" /><testcase classname="tests.backend_test.TestMetrics" name="test_metrics_requires_auth" time="0.144" /><testcase classname="tests.test_iteration10.TestKpis" name="test_fleet_kpis_filtered" time="4.118" /><testcase classname="tests.backend_test.TestMetrics" name="test_metrics_shape" time="0.417" /><testcase classname="tests.backend_test.TestMetrics" name="test_metrics_jitter_changes" time="1.630" /><testcase classname="tests.test_iteration10.TestStatesAndTrend" name="test_states_sorted_desc" time="2.164" /><testcase classname="tests.test_iteration10.TestKpis" name="test_unknown_category_returns_zeros_not_full_fleet" time="0.269" /><testcase classname="tests.test_iteration10.TestStatesAndTrend" name="test_states_category_filter" time="0.122" /><testcase classname="tests.test_iteration10.TestWorkOrders" name="test_work_orders" time="1.267" /><testcase classname="tests.test_iteration10.TestStatesAndTrend" name="test_performance_trend" time="0.094" /><testcase classname="tests.test_iteration11.TestKpisEmptyScope" name="test_unknown_category_all_zeros" time="0.100" /><testcase classname="tests.test_iteration11.TestKpisEmptyScope" name="test_known_category_still_scoped" time="0.103" /><testcase classname="tests.test_iteration11.TestKpisEmptyScope" name="test_no_category_full_fleet" time="0.203" /><testcase classname="tests.test_iteration11.TestAlarmsCategoryFilter" name="test_wind_farm_alarms_scoped" time="0.209" /><testcase classname="tests.test_iteration11.TestAlarmsCategoryFilter" name="test_unknown_category_zero" time="0.102" /><testcase classname="tests.test_iteration11.TestAlarmsCategoryFilter" name="test_category_and_severity_combined" time="0.104" /><testcase classname="tests.test_iteration11.TestAuthRegression" name="test_login_and_me" time="0.127" /><testcase classname="tests.test_iteration11.TestAuthRegression" name="test_bcrypt_hash_format" time="0.004" /><testcase classname="tests.test_iteration11.TestAuthRegression" name="test_fleet_endpoints_require_auth" time="0.300" /><testcase classname="tests.test_iteration10.TestWorkOrders" name="test_work_orders_status_filter" time="0.099" /><testcase classname="tests.test_iteration10.TestWorkOrders" name="test_work_orders_status_breakdown_ignores_filter" time="0.345" /><testcase classname="tests.test_iteration12.TestAuthPlaybook" name="test_bcrypt_hash_format" time="0.007" /><testcase classname="tests.test_iteration12.TestAuthPlaybook" name="test_bad_password_401" time="0.367" /><testcase classname="tests.test_iteration13.TestMultiRoleAdminGuards" name="test_invalid_role_in_list_422" time="0.103" /><testcase classname="tests.test_iteration12.TestAuthPlaybook" name="test_brute_force_lockout" time="17.321" /><testcase classname="tests.test_iteration13.TestMultiRoleAdminGuards" name="test_non_admin_403" time="0.277" /><testcase classname="tests.test_iteration13.TestMultiRoleAdminGuards" name="test_unknown_user_404" time="0.316" /><testcase classname="tests.backend_test.TestContact" name="test_contact_ok" time="0.042" /><testcase classname="tests.backend_test.TestContact" name="test_contact_validation" time="0.079" /><testcase classname="tests.test_iteration10.TestHealthAndSeed" name="test_healthz_reports_seeded_sites" time="0.092" /><testcase classname="tests.test_iteration10.TestHealthAndSeed" name="test_root" time="0.088" /><testcase classname="tests.test_iteration13.TestNewDemoAccounts" name="test_demo_login_and_role[perf@greensolutions.ai-Perf@123-performance_engineer]" time="0.410" /><testcase classname="tests.test_iteration13.TestNewDemoAccounts" name="test_demo_login_and_role[client@greensolutions.ai-Client@123-client_viewer]" time="0.459" /><testcase classname="tests.test_iteration7.TestBranding" name="test_get_default_and_save_roundtrip" time="0.455" /><testcase classname="tests.test_iteration7.TestBranding" name="test_oversized_logo_rejected" time="0.175" /><testcase classname="tests.test_iteration9.TestLoginRateLimit" name="test_lockout_after_five_failures" time="4.547" /><testcase classname="tests.test_iteration9.TestLoginRateLimit" name="test_success_clears_counter" time="14.760" /><testcase classname="tests.test_iteration7.TestSnapshots" name="test_create_and_public_read" time="0.327" /><testcase classname="tests.test_iteration7.TestSnapshots" name="test_unknown_token_404" time="0.107" /><testcase classname="tests.test_iteration7.TestSnapshots" name="test_snapshot_requires_auth" time="0.128" /><testcase classname="tests.test_iteration10.TestCategories" name="test_eight_categories_with_real_counts" time="0.325" /><testcase classname="tests.test_iteration12.TestRbacLanding" name="test_landing_map_no_auth" time="0.092" /><testcase classname="tests.test_iteration7.TestChangePassword" name="test_change_and_revert" time="2.924" /><testcase classname="tests.test_iteration7.TestMetricsPolling" name="test_values_change_between_polls" time="0.962" /><testcase classname="tests.test_iteration9.TestWeeklyDigest" name="test_digest_requires_auth" time="0.096" /><testcase classname="tests.test_iteration9.TestWeeklyDigest" name="test_digest_generation" time="4.805" /></testsuite></testsuites>