<?xml version="1.0" encoding="utf-8"?><testsuites name="pytest tests"><testsuite name="pytest" errors="0" failures="0" skipped="0" tests="20" time="15.431" timestamp="2026-08-26T01:52:58.846757+00:00" hostname="agent-env-c1efb1bb-ca7d-44e4-b2b1-0c46a4bfc3bf"><testcase classname="tests.backend_test.TestPasswordReset" name="test_forgot_unknown_email_no_enumeration" time="0.206" /><testcase classname="tests.backend_test.TestAuthRegression" name="test_root" time="0.265" /><testcase classname="tests.backend_test.TestPasswordReset" name="test_forgot_invalid_email_format" time="0.046" /><testcase classname="tests.backend_test.TestAuthRegression" name="test_me_requires_auth" time="0.282" /><testcase classname="tests.backend_test.TestPasswordReset" name="test_full_reset_flow" time="1.716" /><testcase classname="tests.backend_test.TestAuthRegression" name="test_login_and_me" time="0.563" /><testcase classname="tests.backend_test.TestAuthRegression" name="test_login_bad_password" time="0.476" /><testcase classname="tests.backend_test.TestAuthRegression" name="test_bcrypt_hash_format" time="0.130" /><testcase classname="tests.backend_test.TestAiInsight" name="test_requires_auth" time="0.206" /><testcase classname="tests.backend_test.TestAiInsight" name="test_validation_empty_question" time="0.161" /><testcase classname="tests.backend_test.TestPasswordReset" name="test_reset_bad_token" time="0.046" /><testcase classname="tests.backend_test.TestPasswordReset" name="test_reset_short_password_validation" time="0.042" /><testcase classname="tests.backend_test.TestPasswordReset" name="test_expired_token_rejected" time="0.242" /><testcase classname="tests.backend_test.TestAiInsight" name="test_stream_general" time="5.810" /><testcase classname="tests.backend_test.TestMetrics" name="test_metrics_requires_auth" time="0.103" /><testcase classname="tests.backend_test.TestMetrics" name="test_metrics_shape" time="0.372" /><testcase classname="tests.backend_test.TestMetrics" name="test_metrics_jitter_changes" time="1.774" /><testcase classname="tests.backend_test.TestAiInsight" name="test_stream_with_finding_context" time="6.334" /><testcase classname="tests.backend_test.TestContact" name="test_contact_ok" time="0.062" /><testcase classname="tests.backend_test.TestContact" name="test_contact_validation" time="0.066" /></testsuite></testsuites>