<?xml version="1.0" encoding="utf-8"?><testsuites name="pytest tests"><testsuite name="pytest" errors="0" failures="1" skipped="0" tests="245" time="214.876" timestamp="2026-08-27T16:27:23.357879+00:00" hostname="agent-env-c1efb1bb-ca7d-44e4-b2b1-0c46a4bfc3bf"><testcase classname="tests.test_iteration10.TestFleetAuthRequired" name="test_requires_bearer[/fleet/categories]" time="0.621" /><testcase classname="tests.test_iteration10.TestFleetAuthRequired" name="test_requires_bearer[/fleet/kpis]" time="19.445" /><testcase classname="tests.test_iteration12.TestEndpointGuards" name="test_post_alerts_allowed[technician]" time="14.750" /><testcase classname="tests.test_iteration12.TestEndpointGuards" name="test_post_alerts_allowed[asset_manager]" time="0.189" /><testcase classname="tests.test_iteration12.TestEndpointGuards" name="test_post_alerts_allowed[om_manager]" time="0.276" /><testcase classname="tests.test_iteration12.TestEndpointGuards" name="test_post_alerts_allowed[admin]" time="0.307" /><testcase classname="tests.test_iteration12.TestEndpointGuards" name="test_post_alerts_executive_403" time="0.325" /><testcase classname="tests.test_iteration12.TestEndpointGuards" name="test_post_alerts_no_auth_401" time="0.170" /><testcase classname="tests.test_iteration12.TestEndpointGuards" name="test_post_actions_allowed[technician]" time="0.216" /><testcase classname="tests.test_iteration12.TestEndpointGuards" name="test_post_actions_allowed[asset_manager]" time="0.170" /><testcase classname="tests.test_iteration12.TestEndpointGuards" name="test_post_actions_allowed[om_manager]" time="0.191" /><testcase classname="tests.test_iteration12.TestEndpointGuards" name="test_post_actions_allowed[admin]" time="0.198" /><testcase classname="tests.test_iteration12.TestEndpointGuards" name="test_post_actions_executive_403" time="0.169" /><testcase classname="tests.test_iteration12.TestEndpointGuards" name="test_acknowledge_guard" time="0.571" /><testcase classname="tests.test_iteration12.TestEndpointGuards" name="test_team_users_admin_only[executive]" time="0.257" /><testcase classname="tests.test_iteration12.TestEndpointGuards" name="test_team_users_admin_only[asset_manager]" time="0.172" /><testcase classname="tests.test_iteration12.TestEndpointGuards" name="test_team_users_admin_only[om_manager]" time="0.168" /><testcase classname="tests.test_iteration12.TestEndpointGuards" name="test_team_users_admin_only[technician]" time="0.183" /><testcase classname="tests.test_iteration12.TestEndpointGuards" name="test_team_users_admin_ok" time="0.203" /><testcase classname="tests.test_iteration12.TestEndpointGuards" name="test_fleet_open_to_all_roles[executive]" time="0.183" /><testcase classname="tests.test_iteration12.TestEndpointGuards" name="test_fleet_open_to_all_roles[technician]" time="0.158" /><testcase classname="tests.test_iteration11.TestAlarmSeverities" name="test_valid_severities_accepted[Low]" time="0.573" /><testcase classname="tests.test_iteration11.TestAlarmSeverities" name="test_valid_severities_accepted[Medium]" time="0.228" /><testcase classname="tests.test_iteration11.TestAlarmSeverities" name="test_valid_severities_accepted[High]" time="0.298" /><testcase classname="tests.test_iteration11.TestAlarmSeverities" name="test_valid_severities_accepted[Critical]" time="0.187" /><testcase classname="tests.test_iteration10.TestFleetAuthRequired" name="test_requires_bearer[/fleet/sites]" time="0.202" /><testcase classname="tests.test_iteration11.TestAlarmSeverities" name="test_critical_count_is_38" time="0.162" /><testcase classname="tests.test_iteration10.TestFleetAuthRequired" name="test_requires_bearer[/fleet/sites/S00001]" time="0.158" /><testcase classname="tests.test_iteration11.TestAlarmSeverities" name="test_invalid_severity_422[INVALID]" time="0.175" /><testcase classname="tests.test_iteration10.TestFleetAuthRequired" name="test_requires_bearer[/fleet/telemetry?site_id=S00001]" time="0.128" /><testcase classname="tests.test_iteration11.TestAlarmSeverities" name="test_invalid_severity_422[critical]" time="0.163" /><testcase classname="tests.test_iteration10.TestFleetAuthRequired" name="test_requires_bearer[/fleet/alarms]" time="0.154" /><testcase classname="tests.test_iteration11.TestAlarmSeverities" name="test_invalid_severity_422[Sev1]" time="0.187" /><testcase classname="tests.test_iteration10.TestFleetAuthRequired" name="test_requires_bearer[/fleet/work-orders]" time="0.168" /><testcase classname="tests.test_iteration11.TestAlarmSeverities" name="test_invalid_severity_422[]" time="0.198" /><testcase classname="tests.test_iteration10.TestFleetAuthRequired" name="test_requires_bearer[/fleet/states]" time="0.176" /><testcase classname="tests.test_iteration11.TestAlarmSeverities" name="test_severity_totals_sum_to_800" time="0.635" /><testcase classname="tests.test_iteration10.TestFleetAuthRequired" name="test_requires_bearer[/fleet/performance/trend?site_id=S00001]" time="0.204" /><testcase classname="tests.test_iteration10.TestFleetAuthRequired" name="test_bad_token_rejected" time="0.178" /><testcase classname="tests.test_iteration3.TestTeamRBAC" name="test_requires_auth" time="0.173" /><testcase classname="tests.test_iteration13.TestEvidence" name="test_upload_image" time="0.987" /><testcase classname="tests.test_iteration3.TestTeamRBAC" name="test_non_admin_forbidden" time="1.166" /><testcase classname="tests.test_iteration13.TestEvidence" name="test_list_evidence_by_alarm" time="0.159" /><testcase classname="tests.test_iteration13.TestEvidence" name="test_fetch_file_with_query_token" time="0.418" /><testcase classname="tests.test_iteration3.TestTeamRBAC" name="test_invalid_role_422" time="0.510" /><testcase classname="tests.test_iteration13.TestEvidence" name="test_fetch_file_with_header" time="0.339" /><testcase classname="tests.test_iteration3.TestTeamRBAC" name="test_invalid_email_422" time="0.206" /><testcase classname="tests.test_iteration3.TestTeamRBAC" name="test_invite_each_role_and_login[owner]" time="1.814" /><testcase classname="tests.test_iteration13.TestEvidence" name="test_fetch_file_no_token_401" time="0.281" /><testcase classname="tests.test_iteration13.TestEvidence" name="test_fetch_other_users_evidence_403" time="0.738" /><testcase classname="tests.test_iteration13.TestEvidence" name="test_fetch_missing_404" time="0.246" /><testcase classname="tests.test_iteration13.TestEvidence" name="test_non_image_upload_415" time="0.132" /><testcase classname="tests.test_iteration13.TestEvidence" name="test_evidence_scoped_to_own_uploads" time="0.254" /><testcase classname="tests.test_iteration13.TestEvidence" name="test_upload_requires_auth" time="0.187" /><testcase classname="tests.test_iteration3.TestTeamRBAC" name="test_invite_each_role_and_login[technician]" time="1.610" /><testcase classname="tests.test_iteration10.TestLegacyRegression" name="test_portfolio_metrics" time="0.273" /><testcase classname="tests.test_iteration10.TestLegacyRegression" name="test_auth_me" time="0.171" /><testcase classname="tests.test_iteration10.TestLegacyRegression" name="test_legacy_lists[/portfolios]" time="0.372" /><testcase classname="tests.test_iteration10.TestLegacyRegression" name="test_legacy_lists[/alerts]" time="0.145" /><testcase classname="tests.test_iteration10.TestLegacyRegression" name="test_legacy_lists[/snapshots]" time="0.172" /><testcase classname="tests.test_iteration10.TestLegacyRegression" name="test_legacy_lists[/actions]" time="0.175" /><testcase classname="tests.test_iteration10.TestLegacyRegression" name="test_legacy_lists[/team/users]" time="0.183" /><testcase classname="tests.test_iteration3.TestTeamRBAC" name="test_invite_each_role_and_login[compliance]" time="2.211" /><testcase classname="tests.test_iteration10.TestLegacyRegression" name="test_legacy_lists[/reports/schedule]" time="0.377" /><testcase classname="tests.test_iteration10.TestLegacyRegression" name="test_legacy_lists[/reports/branding]" time="0.153" /><testcase classname="tests.test_iteration12.TestRegisterRole" name="test_register_with_role[executive]" time="0.584" /><testcase classname="tests.test_iteration12.TestRegisterRole" name="test_register_with_role[asset_manager]" time="0.513" /><testcase classname="tests.test_iteration12.TestRegisterRole" name="test_register_with_role[om_manager]" time="0.576" /><testcase classname="tests.test_iteration12.TestRegisterRole" name="test_register_with_role[technician]" time="0.754" /><testcase classname="tests.test_iteration3.TestTeamRBAC" name="test_invite_each_role_and_login[admin]" time="12.972" /><testcase classname="tests.test_iteration12.TestRegisterRole" name="test_register_default_role_executive" time="0.415" /><testcase classname="tests.test_iteration12.TestRegisterRole" name="test_register_invalid_role_422[invalid]" time="0.196" /><testcase classname="tests.test_iteration12.TestRegisterRole" name="test_register_invalid_role_422[admin]" time="0.157" /><testcase classname="tests.test_iteration12.TestRegisterRole" name="test_register_invalid_role_422[user]" time="0.164" /><testcase classname="tests.test_iteration12.TestRegisterRole" name="test_register_invalid_role_422[]" time="0.143" /><testcase classname="tests.test_iteration13.TestRegisterRoles" name="test_register_with_role[executive]" time="0.404" /><testcase classname="tests.test_iteration13.TestRegisterRoles" name="test_register_with_role[asset_manager]" time="0.377" /><testcase classname="tests.test_iteration13.TestRegisterRoles" name="test_register_with_role[om_manager]" time="0.404" /><testcase classname="tests.test_iteration13.TestRegisterRoles" name="test_register_with_role[technician]" time="0.364" /><testcase classname="tests.test_iteration13.TestRegisterRoles" name="test_register_with_role[performance_engineer]" time="0.398" /><testcase classname="tests.test_iteration13.TestRegisterRoles" name="test_register_with_role[client_viewer]" time="0.408" /><testcase classname="tests.test_iteration13.TestRegisterRoles" name="test_register_invalid_role_422" time="0.156" /><testcase classname="tests.test_iteration13.TestRegisterRoles" name="test_register_missing_role_defaults_executive" time="0.389" /><testcase classname="tests.test_iteration13.TestClientScope" name="test_admin_get_client_scope" time="0.544" /><testcase classname="tests.test_iteration13.TestClientScope" name="test_admin_scope_unknown_user_404" time="6.511" /><testcase classname="tests.test_iteration13.TestClientScope" name="test_my_scope_client" time="0.184" /><testcase classname="tests.test_iteration13.TestClientScope" name="test_my_scope_non_client_unrestricted" time="0.274" /><testcase classname="tests.test_iteration13.TestClientScope" name="test_client_portfolio" time="0.175" /><testcase classname="tests.test_iteration13.TestClientScope" name="test_portfolio_empty_scope_then_restore" time="0.799" /><testcase classname="tests.test_iteration3.TestTeamRBAC" name="test_admin_cannot_remove_self" time="0.676" /><testcase classname="tests.test_iteration13.TestClientScope" name="test_scope_persists_custom_sites" time="1.302" /><testcase classname="tests.test_iteration3.TestTeamRBAC" name="test_delete_unknown_user_404" time="0.150" /><testcase classname="tests.test_iteration9.TestActions" name="test_actions_requires_auth" time="0.275" /><testcase classname="tests.test_iteration9.TestActions" name="test_actions_validation[payload0]" time="0.668" /><testcase classname="tests.test_iteration3.TestReportScheduler" name="test_requires_auth" time="0.506" /><testcase classname="tests.test_iteration9.TestActions" name="test_actions_validation[payload1]" time="0.205" /><testcase classname="tests.test_iteration9.TestActions" name="test_actions_validation[payload2]" time="0.150" /><testcase classname="tests.test_iteration3.TestReportScheduler" name="test_default_schedule" time="0.324" /><testcase classname="tests.test_iteration9.TestActions" name="test_actions_validation[payload3]" time="0.168" /><testcase classname="tests.test_iteration9.TestActions" name="test_create_and_list_action" time="0.357" /><testcase classname="tests.test_iteration3.TestReportScheduler" name="test_bad_frequency_422" time="0.159" /><testcase classname="tests.test_iteration3.TestReportScheduler" name="test_bad_recipient_422" time="0.185" /><testcase classname="tests.test_iteration9.TestActions" name="test_actions_scoped_per_user" time="0.375" /><testcase classname="tests.test_iteration3.TestReportScheduler" name="test_upsert_and_persist" time="1.045" /><testcase classname="tests.backend_test.TestPasswordReset" name="test_forgot_unknown_email_no_enumeration" time="0.289" /><testcase classname="tests.backend_test.TestPasswordReset" name="test_forgot_invalid_email_format" time="0.116" /><testcase classname="tests.backend_test.TestPasswordReset" name="test_full_reset_flow" time="1.563" /><testcase classname="tests.test_iteration3.TestReportScheduler" name="test_preview_reflects_saved_config" time="0.444" /><testcase classname="tests.test_iteration3.TestReportScheduler" name="test_schedule_isolated_per_user" time="0.664" /><testcase classname="tests.test_iteration10.TestSites" name="test_list_sites_limit_and_fields" time="0.232" /><testcase classname="tests.backend_test.TestPasswordReset" name="test_reset_bad_token" time="0.099" /><testcase classname="tests.backend_test.TestPasswordReset" name="test_reset_short_password_validation" time="0.096" /><testcase classname="tests.test_iteration10.TestSites" name="test_pagination_and_category_filter" time="0.653" /><testcase classname="tests.backend_test.TestPasswordReset" name="test_expired_token_rejected" time="0.215" /><testcase classname="tests.test_iteration10.TestSites" name="test_search_filter" time="0.374" /><testcase classname="tests.test_iteration10.TestSites" name="test_state_filter" time="0.468" /><testcase classname="tests.test_iteration10.TestSites" name="test_site_detail" time="0.170" /><testcase classname="tests.test_iteration10.TestSites" name="test_site_detail_404" time="0.277" /><testcase classname="tests.test_iteration13.TestWorkspaceSwitch" name="test_my_roles_shape" time="0.138" /><testcase classname="tests.test_iteration13.TestWorkspaceSwitch" name="test_my_roles_requires_auth" time="0.248" /><testcase classname="tests.test_iteration12.TestDemoAccounts" name="test_login_role_in_payload[executive]" time="2.231" /><testcase classname="tests.test_iteration13.TestWorkspaceSwitch" name="test_switch_to_unheld_role_403" time="0.137" /><testcase classname="tests.test_iteration13.TestWorkspaceSwitch" name="test_admin_switch_is_reversible" time="1.693" /><testcase classname="tests.test_iteration12.TestDemoAccounts" name="test_login_role_in_payload[asset_manager]" time="0.331" /><testcase classname="tests.test_iteration12.TestDemoAccounts" name="test_login_role_in_payload[om_manager]" time="0.201" /><testcase classname="tests.test_iteration12.TestDemoAccounts" name="test_login_role_in_payload[technician]" time="0.159" /><testcase classname="tests.test_iteration12.TestDemoAccounts" name="test_login_role_in_payload[admin]" time="0.261" /><testcase classname="tests.test_iteration12.TestDemoAccounts" name="test_legacy_user_role_migrated" time="0.004" /><testcase classname="tests.test_iteration3.TestAiSessions" name="test_sessions_require_auth" time="0.167" /><testcase classname="tests.test_iteration3.TestAiSessions" name="test_session_created_and_continued" time="11.847" /><testcase classname="tests.test_iteration13.TestWorkspaceSwitch" name="test_seeded_admin_has_roles_array" time="0.004" /><testcase classname="tests.test_iteration13.TestWorkspaceSwitch" name="test_multirole_switch_flow" time="1.333" /><testcase classname="tests.test_iteration7.TestHealthAndAuth" name="test_root" time="0.129" /><testcase classname="tests.test_iteration7.TestHealthAndAuth" name="test_login_and_me" time="0.680" /><testcase classname="tests.test_iteration7.TestHealthAndAuth" name="test_login_bad_password" time="0.177" /><testcase classname="tests.test_iteration7.TestHealthAndAuth" name="test_me_without_token" time="0.171" /><testcase classname="tests.test_iteration7.TestHealthAndAuth" name="test_me_with_garbage_token" time="0.156" /><testcase classname="tests.test_iteration7.TestHealthAndAuth" name="test_repeated_bad_logins_lock_out" time="2.718" /><testcase classname="tests.test_iteration7.TestPortfolios" name="test_list_autoseeds_default" time="0.163" /><testcase classname="tests.test_iteration7.TestPortfolios" name="test_create_get_delete" time="0.930" /><testcase classname="tests.test_iteration7.TestPortfolios" name="test_delete_missing_404" time="0.173" /><testcase classname="tests.test_iteration7.TestPortfolios" name="test_metrics_unknown_portfolio_404" time="0.178" /><testcase classname="tests.test_iteration7.TestPortfolios" name="test_portfolio_isolation" time="0.526" /><testcase classname="tests.test_iteration7.TestPortfolios" name="test_create_validation" time="0.173" /><testcase classname="tests.backend_test.TestAuthRegression" name="test_root" time="0.192" /><testcase classname="tests.backend_test.TestAuthRegression" name="test_me_requires_auth" time="0.152" /><testcase classname="tests.backend_test.TestAuthRegression" name="test_login_and_me" time="0.459" /><testcase classname="tests.backend_test.TestAuthRegression" name="test_login_bad_password" time="0.100" /><testcase classname="tests.backend_test.TestAuthRegression" name="test_bcrypt_hash_format" time="0.004" /><testcase classname="tests.test_iteration10.TestAlarms" name="test_alarms_default" time="0.244" /><testcase classname="tests.test_iteration10.TestAlarms" name="test_alarms_severity_filter" time="0.169" /><testcase classname="tests.test_iteration10.TestAlarms" name="test_alarms_invalid_severity_422" time="0.158" /><testcase classname="tests.test_iteration10.TestAlarms" name="test_alarms_critical_severity_supported" time="0.170" /><testcase classname="tests.test_iteration10.TestAlarms" name="test_alarms_site_filter" time="0.150" /><testcase classname="tests.test_iteration3.TestAiSessions" name="test_other_user_gets_404" time="4.939" /><testcase classname="tests.test_iteration12.TestRoleChange" name="test_admin_changes_role_and_persists" time="2.981" /><testcase classname="tests.test_iteration12.TestRoleChange" name="test_non_admin_403" time="1.176" /><testcase classname="tests.test_iteration12.TestRoleChange" name="test_admin_cannot_demote_self" time="0.336" /><testcase classname="tests.test_iteration12.TestRoleChange" name="test_invalid_role_422" time="0.340" /><testcase classname="tests.test_iteration12.TestRoleChange" name="test_unknown_user_404" time="0.159" /><testcase classname="tests.test_iteration9.TestSnapshots" name="test_snapshots_requires_auth" time="0.295" /><testcase classname="tests.test_iteration9.TestSnapshots" name="test_list_snapshots_no_metrics_and_sorted" time="0.479" /><testcase classname="tests.test_iteration9.TestSnapshots" name="test_revoke_own_snapshot_and_public_404" time="0.894" /><testcase classname="tests.test_iteration9.TestSnapshots" name="test_revoke_other_users_snapshot_404" time="0.621" /><testcase classname="tests.test_iteration3.TestAiSessions" name="test_delete_session_removes_messages" time="5.121" /><testcase classname="tests.test_iteration9.TestSnapshots" name="test_revoke_unknown_token_404" time="0.175" /><testcase classname="tests.backend_test.TestAiInsight" name="test_requires_auth" time="0.363" /><testcase classname="tests.backend_test.TestAiInsight" name="test_validation_empty_question" time="0.203" /><testcase classname="tests.backend_test.TestAiInsight" name="test_stream_general" time="4.632" /><testcase classname="tests.test_iteration3.TestAiSessions" name="test_unknown_session_404" time="0.132" /><testcase classname="tests.test_iteration3.TestAiSessions" name="test_auto_flag_persisted" time="6.671" /><testcase classname="tests.backend_test.TestAiInsight" name="test_stream_with_finding_context" time="5.881" /><testcase classname="tests.test_iteration10.TestTelemetry" name="test_telemetry_rows" time="0.208" /><testcase classname="tests.test_iteration10.TestTelemetry" name="test_telemetry_window_slides" time="35.523" /><testcase classname="tests.test_iteration11.TestTelemetryAggregation" name="test_telemetry_24h_returns_24_rows_with_real_curve" time="0.197" /><testcase classname="tests.test_iteration11.TestTelemetryAggregation" name="test_telemetry_partial_window_still_aggregated" time="0.218" /><testcase classname="tests.test_iteration11.TestTelemetryAggregation" name="test_telemetry_window_slides" time="35.362" /><testcase classname="tests.test_iteration10.TestTelemetry" name="test_telemetry_unknown_site" time="0.251" /><testcase classname="tests.test_iteration10.TestTelemetry" name="test_telemetry_hours_validation" time="0.371" /><testcase classname="tests.test_iteration11.TestTelemetryAggregation" name="test_telemetry_other_site" time="0.174" /><testcase classname="tests.test_iteration11.TestWorkOrders" name="test_status_breakdown_respects_filter" time="0.188" /><testcase classname="tests.test_iteration7.TestAlerts" name="test_push_list_filter_ack" time="1.087" /><testcase classname="tests.test_iteration11.TestWorkOrders" name="test_unfiltered_breakdown_sums_to_total" time="0.182" /><testcase classname="tests.test_iteration11.TestWorkOrders" name="test_category_filter" time="0.308" /><testcase classname="tests.test_iteration11.TestWorkOrders" name="test_unknown_category_zero" time="0.255" /><testcase classname="tests.backend_test.TestMetrics" name="test_metrics_requires_auth" time="0.151" /><testcase classname="tests.test_iteration7.TestAlerts" name="test_ack_missing_404" time="0.256" /><testcase classname="tests.test_iteration7.TestAlerts" name="test_invalid_severity_422" time="0.197" /><testcase classname="tests.backend_test.TestMetrics" name="test_metrics_shape" time="0.529" /><testcase classname="tests.test_iteration7.TestAlerts" name="test_alerts_require_auth" time="0.130" /><testcase classname="tests.backend_test.TestMetrics" name="test_metrics_jitter_changes" time="1.941" /><testcase classname="tests.test_iteration10.TestWorkOrders" name="test_work_orders" time="0.171" /><testcase classname="tests.test_iteration10.TestWorkOrders" name="test_work_orders_status_filter" time="0.162" /><testcase classname="tests.test_iteration10.TestWorkOrders" name="test_work_orders_status_breakdown_ignores_filter" time="0.379" /><testcase classname="tests.test_iteration10.TestStatesAndTrend" name="test_states_sorted_desc" time="0.174" /><testcase classname="tests.test_iteration10.TestStatesAndTrend" name="test_states_category_filter" time="0.204" /><testcase classname="tests.test_iteration10.TestStatesAndTrend" name="test_performance_trend" time="0.192" /><testcase classname="tests.test_iteration11.TestKpisEmptyScope" name="test_unknown_category_all_zeros" time="0.178" /><testcase classname="tests.test_iteration11.TestKpisEmptyScope" name="test_known_category_still_scoped" time="0.166" /><testcase classname="tests.test_iteration11.TestKpisEmptyScope" name="test_no_category_full_fleet" time="0.176" /><testcase classname="tests.test_iteration11.TestAlarmsCategoryFilter" name="test_wind_farm_alarms_scoped" time="0.349" /><testcase classname="tests.test_iteration10.TestKpis" name="test_fleet_kpis_all" time="0.186" /><testcase classname="tests.test_iteration10.TestKpis" name="test_fleet_kpis_filtered" time="0.261" /><testcase classname="tests.test_iteration11.TestAlarmsCategoryFilter" name="test_unknown_category_zero" time="0.228" /><testcase classname="tests.test_iteration10.TestKpis" name="test_unknown_category_returns_zeros_not_full_fleet" time="0.155" /><testcase classname="tests.test_iteration11.TestAlarmsCategoryFilter" name="test_category_and_severity_combined" time="0.232" /><testcase classname="tests.test_iteration11.TestAuthRegression" name="test_login_and_me" time="0.146" /><testcase classname="tests.test_iteration11.TestAuthRegression" name="test_bcrypt_hash_format" time="0.004" /><testcase classname="tests.test_iteration11.TestAuthRegression" name="test_fleet_endpoints_require_auth" time="1.208" /><testcase classname="tests.test_iteration12.TestAuthPlaybook" name="test_bcrypt_hash_format" time="0.004" /><testcase classname="tests.test_iteration12.TestAuthPlaybook" name="test_bad_password_401" time="0.398" /><testcase classname="tests.test_iteration12.TestAuthPlaybook" name="test_brute_force_lockout" time="2.445" /><testcase classname="tests.test_iteration13.TestMultiRoleAdminGuards" name="test_invalid_role_in_list_422" time="0.382" /><testcase classname="tests.test_iteration13.TestMultiRoleAdminGuards" name="test_non_admin_403" time="0.369" /><testcase classname="tests.test_iteration13.TestMultiRoleAdminGuards" name="test_unknown_user_404" time="0.382" /><testcase classname="tests.test_iteration14.TestClientPortfolioAggregation" name="test_portfolio_shape_default_client" time="6.055" /><testcase classname="tests.test_iteration14.TestAdminNoSelfLockout" name="test_admin_my_roles_contains_admin" time="0.182" /><testcase classname="tests.test_iteration14.TestAdminNoSelfLockout" name="test_admin_switch_is_reversible" time="4.340" /><testcase classname="tests.test_iteration14.TestAdminNoSelfLockout" name="test_non_admin_switch_still_403_for_unheld_role" time="0.151" /><testcase classname="tests.test_iteration14.TestRbacRegression" name="test_client_viewer_blocked_from_admin_endpoints" time="0.976" /><testcase classname="tests.test_iteration14.TestClientPortfolioAggregation" name="test_portfolio_200_site_scope" time="1.150" /><testcase classname="tests.test_iteration14.TestRbacRegression" name="test_perf_engineer_blocked_from_alert_write" time="0.883" /><testcase classname="tests.test_iteration14.TestRbacRegression" name="test_client_scope_endpoint" time="0.600" /><testcase classname="tests.test_iteration14.TestClientPortfolioAggregation" name="test_portfolio_empty_scope" time="0.675" /><testcase classname="tests.backend_test.TestContact" name="test_contact_ok" time="0.114" /><testcase classname="tests.backend_test.TestContact" name="test_contact_validation" time="0.155" /><testcase classname="tests.test_iteration7.TestSnapshots" name="test_create_and_public_read" time="0.848" /><testcase classname="tests.test_iteration10.TestHealthAndSeed" name="test_healthz_reports_seeded_sites" time="0.233" /><testcase classname="tests.test_iteration10.TestHealthAndSeed" name="test_root" time="0.153" /><testcase classname="tests.test_iteration13.TestNewDemoAccounts" name="test_demo_login_and_role[perf@greensolutions.ai-Perf@123-performance_engineer]" time="0.553" /><testcase classname="tests.test_iteration7.TestSnapshots" name="test_unknown_token_404" time="0.270" /><testcase classname="tests.test_iteration13.TestNewDemoAccounts" name="test_demo_login_and_role[client@greensolutions.ai-Client@123-client_viewer]" time="5.649" /><testcase classname="tests.test_iteration7.TestSnapshots" name="test_snapshot_requires_auth" time="0.279" /><testcase classname="tests.test_iteration7.TestBranding" name="test_get_default_and_save_roundtrip" time="6.064" /><testcase classname="tests.test_iteration14.TestEvidenceThreadpool" name="test_upload_and_download" time="1.721" /><testcase classname="tests.test_iteration7.TestBranding" name="test_oversized_logo_rejected" time="0.349" /><testcase classname="tests.test_iteration9.TestLoginRateLimit" name="test_lockout_after_five_failures" time="8.116" /><testcase classname="tests.test_iteration14.TestEvidenceThreadpool" name="test_event_loop_not_blocked_during_large_upload" time="69.793"><failure message="AssertionError: healthz blocked during upload: 36.1s / 11.5s&#10;assert 36.10944366455078 &lt; 10&#10; +  where 36.10944366455078 = max(36.10944366455078, 11.526729822158813)">E   AssertionError: healthz blocked during upload: 36.1s / 11.5s
    assert 36.10944366455078 &lt; 10
     +  where 36.10944366455078 = max(36.10944366455078, 11.526729822158813)</failure></testcase><testcase classname="tests.test_iteration9.TestLoginRateLimit" name="test_success_clears_counter" time="3.845" /><testcase classname="tests.test_iteration10.TestCategories" name="test_eight_categories_with_real_counts" time="0.361" /><testcase classname="tests.test_iteration12.TestRbacLanding" name="test_landing_map_no_auth" time="0.141" /><testcase classname="tests.test_iteration7.TestChangePassword" name="test_change_and_revert" time="3.517" /><testcase classname="tests.test_iteration7.TestMetricsPolling" name="test_values_change_between_polls" time="0.873" /><testcase classname="tests.test_iteration9.TestWeeklyDigest" name="test_digest_requires_auth" time="0.232" /><testcase classname="tests.test_iteration9.TestWeeklyDigest" name="test_digest_generation" time="4.952" /></testsuite></testsuites>