<?xml version="1.0" encoding="utf-8"?><testsuites name="pytest tests"><testsuite name="pytest" errors="0" failures="1" skipped="0" tests="13" time="2.959" timestamp="2026-09-09T05:24:05.713568+00:00" hostname="agent-env-57cd155a-ca80-4e7a-ab35-648b2288fc3c"><testcase classname="tests.test_weather_and_version.TestWeather" name="test_site_weather_live" time="0.546" /><testcase classname="tests.test_weather_and_version.TestWeather" name="test_site_weather_not_found" time="0.347" /><testcase classname="tests.test_weather_and_version.TestWeather" name="test_asset_weather_inherits_from_site" time="0.227" /><testcase classname="tests.test_weather_and_version.TestWeather" name="test_weather_batch" time="0.122" /><testcase classname="tests.test_weather_and_version.TestWeather" name="test_weather_correlation" time="0.130" /><testcase classname="tests.test_weather_and_version.TestSitesLocationLabel" name="test_sites_list_has_location_label" time="0.135" /><testcase classname="tests.test_weather_and_version.TestSitesLocationLabel" name="test_site_detail_has_label_and_assets_version" time="0.116" /><testcase classname="tests.test_weather_and_version.TestVersionConcurrency" name="test_patch_site_version_ok_and_stale_rejected" time="0.160"><failure message="AssertionError: site.version missing: {'site_id': 'S00001', 'site_name': 'TX-Utility-Scale-Solar-0001', 'energy_type': 'Solar PV', 'site_type': 'Utility-Scale Solar', 'state': 'Texas', 'latitude': 30.74000397343988, 'longitude': -99.71238720104839, 'timezone': 'America/Chicago', 'site_capacity_kW': 198.01, 'utility': 'Utility-01', 'poi': 'POI-S00001', 'voltage_level': '69kV', 'commissioning_date': '2019-08-28T00:00:00+00:00', 'owner_entity': 'Investor-02', 'om_provider': 'O&amp;M-Co-06', 'priority': 'High', 'featured_for_demo': False, 'updated_at': '2026-09-09T04:02:30.647107+00:00', 'updated_by': {'id': '20aacd3a-10ef-4638-a9de-7c6e8c79134e', 'email': 'admin@assetnova.com', 'name': 'Admin'}, 'address': 'Winslow Lane', 'city': 'Menard County'}&#10;assert None is not None">backend/tests/test_weather_and_version.py:124: in test_patch_site_version_ok_and_stale_rejected
    assert current_version is not None, f"site.version missing: {site}"
E   AssertionError: site.version missing: {'site_id': 'S00001', 'site_name': 'TX-Utility-Scale-Solar-0001', 'energy_type': 'Solar PV', 'site_type': 'Utility-Scale Solar', 'state': 'Texas', 'latitude': 30.74000397343988, 'longitude': -99.71238720104839, 'timezone': 'America/Chicago', 'site_capacity_kW': 198.01, 'utility': 'Utility-01', 'poi': 'POI-S00001', 'voltage_level': '69kV', 'commissioning_date': '2019-08-28T00:00:00+00:00', 'owner_entity': 'Investor-02', 'om_provider': 'O&amp;M-Co-06', 'priority': 'High', 'featured_for_demo': False, 'updated_at': '2026-09-09T04:02:30.647107+00:00', 'updated_by': {'id': '20aacd3a-10ef-4638-a9de-7c6e8c79134e', 'email': 'admin@assetnova.com', 'name': 'Admin'}, 'address': 'Winslow Lane', 'city': 'Menard County'}
E   assert None is not None</failure></testcase><testcase classname="tests.test_weather_and_version.TestVersionConcurrency" name="test_patch_asset_version" time="0.344" /><testcase classname="tests.test_weather_and_version.TestRegressionSmoke" name="test_kpis" time="0.157" /><testcase classname="tests.test_weather_and_version.TestRegressionSmoke" name="test_categories" time="0.325" /><testcase classname="tests.test_weather_and_version.TestRegressionSmoke" name="test_work_orders" time="0.114" /><testcase classname="tests.test_weather_and_version.TestRegressionSmoke" name="test_admin_leads_lists" time="0.176" /></testsuite></testsuites>